[I 2026-08-30 19:38:02,130] Trial 49 finished with values: [-0.123, 89.53] and parameters: {'stop_loss_atr_multiplier': 1.0041653203427006, 'atr_take_profit_multiplier': 2.533226211147511, 'ma_crossover_short_window': 5, 'ma_crossover_long_window': 86, 'ma_crossover_sector_relative_strength_min': -40.26710446218103}.
Fetching history for 407 ticker(s) + SPY, 2025-08-30..2026-08-30 (once, reused across all 50 trials)...
Fetching 11 sector ETF(s) for Sector_Relative_Strength...
Fetched 407/407 ticker(s).
Generated 6 walk-forward fold(s).
Ticker holdout split (seed=42, frac=0.25): 305 tune / 102 holdout. Holdout tickers never seen during tuning: ['ACN', 'ADI', 'ADM', 'AFL', 'ALL', 'AON', 'ARM', 'ATD.TO', 'AWK', 'BIIB', 'BKR', 'BLK', 'CCL', 'CFG', 'CL', 'CMI', 'COIN', 'COP', 'CPAY', 'CSCO', 'CSX', 'DASH', 'DE', 'DGX', 'DHI', 'DHR', 'DLR', 'DOCU', 'DOW', 'DTE', 'EMR', 'EW', 'EXC', 'EXPE', 'EXR', 'FOXA', 'GM', 'GOOG', 'GPN', 'GRMN', 'HAL', 'HST', 'IBM', 'IDXX', 'IR', 'ISRG', 'KHC', 'KKR', 'L.TO', 'LEN', 'LHX', 'LIN', 'LITE', 'LLY', 'LMT', 'LVS', 'MAR', 'MCHP', 'MCK', 'MCO', 'MDB', 'MDT', 'MPWR', 'MSCI', 'MSFT', 'MSTR', 'MTB', 'MTCH', 'NEM', 'NKE', 'NTR.TO', 'ODFL', 'OKTA', 'PCAR', 'PEP', 'PG', 'PLD', 'PSA', 'PSX', 'PYPL', 'QRVO', 'SLB', 'SNDK', 'SRE', 'SYK', 'T', 'TD.TO', 'TDG', 'TEAM', 'TEL', 'TGT', 'U', 'V', 'VRTX', 'WAB', 'WBD', 'WEC', 'WM', 'WY', 'XEL', 'XYZ', 'ZM']
Using up to 8 CPU core(s) for walk-forward parallelization (--max-workers to change; 12 available).

Baseline (DEFAULT_CONFIG, strategy=ma_crossover) pooled out-of-sample metrics on TUNE tickers (recency-weighted, half-life=180d): {'trade_count': 239, 'effective_trade_count': 206.4, 'win_rate': 27.52, 'avg_pnl_pct': -0.43, 'pnl_std': 4.8, 'sharpe_like': -0.09, 'trades_per_year': 496.0, 'annualized_sharpe_like': -2.004, 'k_ratio': -9.01}
  Baseline max_drawdown: 70.2%
Live Trade_Outcomes so far (every signal, all tiers): 722 -- pooled metrics: {'trade_count': 722, 'open_count': 0, 'win_count': 227, 'loss_count': 493, 'expired_count': 2, 'win_rate': 31.44, 'avg_pnl_pct': 1.06, 'total_pnl_pct': 765.86, 'pnl_std': 7.69, 'sharpe_like': 0.138, 'trades_per_year': None, 'annualized_sharpe_like': None, 'k_ratio': None}
  Actionable tier (Strong Buy/Buy) only: 431 -- pooled metrics: {'trade_count': 431, 'open_count': 0, 'win_count': 153, 'loss_count': 276, 'expired_count': 2, 'win_rate': 35.5, 'avg_pnl_pct': 2.37, 'total_pnl_pct': 1022.84, 'pnl_std': 8.86, 'sharpe_like': 0.268, 'trades_per_year': None, 'annualized_sharpe_like': None, 'k_ratio': None}
    ...of which CONFIRMED real fills: 2 -- pooled metrics: {'trade_count': 2, 'open_count': 0, 'win_count': 0, 'loss_count': 2, 'expired_count': 0, 'win_rate': 0.0, 'avg_pnl_pct': -5.03, 'total_pnl_pct': -10.06, 'pnl_std': 0.2, 'sharpe_like': -25.405, 'trades_per_year': None, 'annualized_sharpe_like': None, 'k_ratio': None}
  Research tier (Watch, never traded/tradeable) only: 221 -- pooled metrics: {'trade_count': 221, 'open_count': 0, 'win_count': 43, 'loss_count': 178, 'expired_count': 0, 'win_rate': 19.46, 'avg_pnl_pct': -1.44, 'total_pnl_pct': -318.7, 'pnl_std': 4.49, 'sharpe_like': -0.321, 'trades_per_year': None, 'annualized_sharpe_like': None, 'k_ratio': None}
  Research_loosened tier (active config scored Ignore, loosened config didn't, never traded/tradeable) only: 70 -- pooled metrics: {'trade_count': 70, 'open_count': 0, 'win_count': 31, 'loss_count': 39, 'expired_count': 0, 'win_rate': 44.29, 'avg_pnl_pct': 0.88, 'total_pnl_pct': 61.72, 'pnl_std': 5.81, 'sharpe_like': 0.152, 'trades_per_year': None, 'annualized_sharpe_like': None, 'k_ratio': None}. Reflects the loosened config, NOT the active one -- a sanity check on whether loosening is worth considering, not a report card on v19 itself.

Pareto front: 1 non-dominated trial(s) (sharpe_like, max_drawdown%)
  Trial #44: sharpe_like=0.1850, max_drawdown=23.99%  (annualized_sharpe~3.382, win_rate=39.8%)  params={'stop_loss_atr_multiplier': 0.9702982599969341, 'atr_take_profit_multiplier': 1.9294450886182728, 'ma_crossover_short_window': 29, 'ma_crossover_long_window': 83, 'ma_crossover_sector_relative_strength_min': -43.765416665747146}

Selected from Pareto front, trial #44: sharpe_like=0.1850, max_drawdown=23.99%  (annualized_sharpe~3.382, win_rate=39.8%)
  params: {'stop_loss_atr_multiplier': 0.9702982599969341, 'atr_take_profit_multiplier': 1.9294450886182728, 'ma_crossover_short_window': 29, 'ma_crossover_long_window': 83, 'ma_crossover_sector_relative_strength_min': -43.765416665747146}
  metrics (TUNE tickers): {'trade_count': 161, 'effective_trade_count': 146.6, 'win_rate': 39.81, 'avg_pnl_pct': 0.93, 'pnl_std': 5.04, 'sharpe_like': 0.185, 'trades_per_year': 334.1, 'annualized_sharpe_like': 3.382, 'k_ratio': 27.279}

=== Deflated Sharpe Ratio (selection-bias correction, 43 scored trial(s) this search, sharpe_std=0.0750) ===
  Search-level DSR: 59.2% confidence this beats what 43 trials would produce by chance alone (zero real skill).
  Project-wide DSR: 53.2% confidence using 66 (every candidate System_Config ever written across this whole project) as N -- a much more conservative, whole-project view, reusing this search's own sharpe_std as the best available proxy (not a rigorous full-history recomputation -- no per-trial Sharpe is stored from past searches).
  Caveat: assumes independent trials -- Optuna's TPE sampler deliberately exploits promising regions, so real trials are somewhat correlated, making this a real but imperfect approximation. Also assumes normal returns (skewness=0, kurtosis=3) -- the true correction would need the winning trial's raw per-trade return distribution, not just its summarized metrics.

=== RRR-vs-scoring-ceiling check (can this config's Buy tier ever fire -- or fire too easily?) ===
  BASELINE  (DEFAULT_CONFIG): RRR=2.0, best-case Trade_Score=66.67 vs signal_buy_threshold=60 -- OK, reachable; RRR alone=33.33 vs signal_watch_threshold=40 -- OK, discriminating
  CANDIDATE (winning trial):  RRR=1.99, best-case Trade_Score=66.5 vs signal_buy_threshold=60 -- OK, reachable; RRR alone=33.17 vs signal_watch_threshold=40 -- OK, discriminating

=== Ticker-universe holdout validation (102 tickers Optuna never saw) ===
  baseline (DEFAULT_CONFIG, strategy=ma_crossover) on holdout: {'trade_count': 80, 'effective_trade_count': 72.7, 'win_rate': 33.12, 'avg_pnl_pct': 0.13, 'pnl_std': 4.44, 'sharpe_like': 0.028, 'trades_per_year': 175.0, 'annualized_sharpe_like': 0.37, 'k_ratio': 5.368}
  candidate (winning trial) on holdout: {'trade_count': 52, 'effective_trade_count': 49.1, 'win_rate': 34.02, 'avg_pnl_pct': -0.03, 'pnl_std': 4.84, 'sharpe_like': -0.006, 'trades_per_year': 110.4, 'annualized_sharpe_like': -0.063, 'k_ratio': -2.983}
  baseline max_drawdown on holdout: 31.95%
  candidate max_drawdown on holdout: 22.48%
  [WARN] Holdout effective_trade_count is thin -- treat this validation as a weak signal, not proof either way. Consider a lower --holdout-frac or more tickers.
  LIVE (active v60) on holdout: {'trade_count': 63, 'effective_trade_count': 60.9, 'win_rate': 38.5, 'avg_pnl_pct': -0.26, 'pnl_std': 2.94, 'sharpe_like': -0.09, 'trades_per_year': 131.5, 'annualized_sharpe_like': -1.032, 'k_ratio': -11.35}
  Candidate (-0.006) beats what's actually live (active v60, -0.09) on holdout -- the decision-relevant comparison, not just vs DEFAULT_CONFIG.

=== Real-vs-random ratio check (single window, same methodology as benchmark_random_entry.py) ===
Isolates whether tuning found genuinely better TIMING or just a payoff-bracket shape that inflates ANY entry's return, real or random -- watch the GAP (REAL sharpe_like minus RANDOM sharpe_like), not the raw REAL number alone.
  BASELINE  (ma_crossover, DEFAULT_CONFIG): REAL sharpe_like=-0.041 vs RANDOM sharpe_like=-0.101  (gap=0.060000000000000005)
  CANDIDATE (ma_crossover, winning trial):  REAL sharpe_like=0.081 vs RANDOM sharpe_like=0.012  (gap=0.069)
  Candidate's real-vs-random GAP (0.0690) improved on baseline's (0.0600) -- a real, if modest, sign the tuning found genuine timing value, not just a reshaped payoff bracket.

Wrote candidate System_Config version=67 (status=candidate, NOT active).
Review it, then run: python promote_config.py --promote 67
