[I 2026-08-30 19:20:50,566] A new study created in memory with name: no-name-831e5183-cc89-4bd8-949c-300a8c6565a7
[I 2026-08-30 19:21:11,089] Trial 0 finished with values: [-0.006, 53.96] and parameters: {'stop_loss_atr_multiplier': 1.249080237694725, 'atr_take_profit_multiplier': 4.848572664704217, 'ma_crossover_short_window': 24, 'ma_crossover_long_window': 72, 'ma_crossover_sector_relative_strength_min': -39.85878837124163}.
[I 2026-08-30 19:21:30,866] Trial 1 finished with values: [0.132, 24.86] and parameters: {'stop_loss_atr_multiplier': 0.8119890406724053, 'atr_take_profit_multiplier': 1.4123742807316348, 'ma_crossover_short_window': 27, 'ma_crossover_long_window': 72, 'ma_crossover_sector_relative_strength_min': -3.9752824432570435}.
[I 2026-08-30 19:21:51,213] Trial 2 finished with values: [0.036, 44.13] and parameters: {'stop_loss_atr_multiplier': 0.5411689885916049, 'atr_take_profit_multiplier': 2.1296306827161637, 'ma_crossover_short_window': 26, 'ma_crossover_long_window': 45, 'ma_crossover_sector_relative_strength_min': -38.18137713153846}.
[I 2026-08-30 19:22:10,400] Trial 3 finished with values: [0.029, 59.02] and parameters: {'stop_loss_atr_multiplier': 0.8668090197068676, 'atr_take_profit_multiplier': 2.0198222404266097, 'ma_crossover_short_window': 18, 'ma_crossover_long_window': 60, 'ma_crossover_sector_relative_strength_min': -31.070105887127276}.
[I 2026-08-30 19:22:30,920] Trial 4 finished with values: [0.057, 70.33] and parameters: {'stop_loss_atr_multiplier': 1.723705789444759, 'atr_take_profit_multiplier': 3.070684366055144, 'ma_crossover_short_window': 12, 'ma_crossover_long_window': 56, 'ma_crossover_sector_relative_strength_min': -20.355451025892666}.
[I 2026-08-30 19:22:51,350] Trial 5 finished with values: [0.091, 58.38] and parameters: {'stop_loss_atr_multiplier': 2.070351922786027, 'atr_take_profit_multiplier': 3.649499989135013, 'ma_crossover_short_window': 18, 'ma_crossover_long_window': 72, 'ma_crossover_sector_relative_strength_min': -46.98072317320015}.
[I 2026-08-30 19:23:09,233] Trial 6 finished with values: [-10.0, 100.0] and parameters: {'stop_loss_atr_multiplier': 1.7150897038028767, 'atr_take_profit_multiplier': 3.1288214744633294, 'ma_crossover_short_window': 6, 'ma_crossover_long_window': 97, 'ma_crossover_sector_relative_strength_min': 12.766082149846355}.
[I 2026-08-30 19:23:30,443] Trial 7 finished with values: [0.162, 56.84] and parameters: {'stop_loss_atr_multiplier': 2.1167946962329225, 'atr_take_profit_multiplier': 3.8782526622623923, 'ma_crossover_short_window': 7, 'ma_crossover_long_window': 78, 'ma_crossover_sector_relative_strength_min': -21.390087906925917}.
[I 2026-08-30 19:23:51,354] Trial 8 finished with values: [-0.078, 74.47] and parameters: {'stop_loss_atr_multiplier': 0.7440764696895577, 'atr_take_profit_multiplier': 2.074801120656998, 'ma_crossover_short_window': 5, 'ma_crossover_long_window': 94, 'ma_crossover_sector_relative_strength_min': -33.1793011959989}.
[I 2026-08-30 19:24:12,469] Trial 9 finished with values: [0.005, 73.99] and parameters: {'stop_loss_atr_multiplier': 1.825044568707964, 'atr_take_profit_multiplier': 3.5684081201028466, 'ma_crossover_short_window': 18, 'ma_crossover_long_window': 68, 'ma_crossover_sector_relative_strength_min': -37.984460390840745}.
[I 2026-08-30 19:24:33,171] Trial 10 finished with values: [-10.0, 100.0] and parameters: {'stop_loss_atr_multiplier': 2.403348483416996, 'atr_take_profit_multiplier': 4.726803576860296, 'ma_crossover_short_window': 30, 'ma_crossover_long_window': 31, 'ma_crossover_sector_relative_strength_min': 13.313146275764677}.
[I 2026-08-30 19:24:52,230] Trial 11 finished with values: [0.078, 71.97] and parameters: {'stop_loss_atr_multiplier': 1.2683143965023944, 'atr_take_profit_multiplier': 4.228641221137548, 'ma_crossover_short_window': 12, 'ma_crossover_long_window': 85, 'ma_crossover_sector_relative_strength_min': -8.108528453862476}.
[I 2026-08-30 19:25:11,152] Trial 12 finished with values: [0.121, 62.68] and parameters: {'stop_loss_atr_multiplier': 1.1873805711549856, 'atr_take_profit_multiplier': 2.66701128943264, 'ma_crossover_short_window': 12, 'ma_crossover_long_window': 82, 'ma_crossover_sector_relative_strength_min': -3.3143774428105446}.
[I 2026-08-30 19:25:30,710] Trial 13 finished with values: [0.12, 45.22] and parameters: {'stop_loss_atr_multiplier': 2.3711237521628497, 'atr_take_profit_multiplier': 4.508951394996999, 'ma_crossover_short_window': 23, 'ma_crossover_long_window': 81, 'ma_crossover_sector_relative_strength_min': -3.247872185513777}.
[I 2026-08-30 19:25:51,961] Trial 14 finished with values: [0.031, 66.71] and parameters: {'stop_loss_atr_multiplier': 1.4913446487548754, 'atr_take_profit_multiplier': 3.9876954015231316, 'ma_crossover_short_window': 30, 'ma_crossover_long_window': 55, 'ma_crossover_sector_relative_strength_min': -17.316292365730845}.
[I 2026-08-30 19:26:12,223] Trial 15 finished with values: [-0.147, 84.95] and parameters: {'stop_loss_atr_multiplier': 0.9485820479766359, 'atr_take_profit_multiplier': 1.549513692876821, 'ma_crossover_short_window': 9, 'ma_crossover_long_window': 43, 'ma_crossover_sector_relative_strength_min': -14.737092953530032}.
[I 2026-08-30 19:26:34,338] Trial 16 finished with values: [-10.0, 100.0] and parameters: {'stop_loss_atr_multiplier': 2.0997163536815577, 'atr_take_profit_multiplier': 4.3195418453301855, 'ma_crossover_short_window': 21, 'ma_crossover_long_window': 69, 'ma_crossover_sector_relative_strength_min': 4.262932086981731}.
[I 2026-08-30 19:26:53,759] Trial 17 finished with values: [0.012, 36.64] and parameters: {'stop_loss_atr_multiplier': 0.595810871103231, 'atr_take_profit_multiplier': 1.0181762560997876, 'ma_crossover_short_window': 16, 'ma_crossover_long_window': 89, 'ma_crossover_sector_relative_strength_min': -25.13353963928925}.
[I 2026-08-30 19:27:12,976] Trial 18 finished with values: [-10.0, 100.0] and parameters: {'stop_loss_atr_multiplier': 1.486486593161087, 'atr_take_profit_multiplier': 3.6700454730444116, 'ma_crossover_short_window': 27, 'ma_crossover_long_window': 77, 'ma_crossover_sector_relative_strength_min': 3.3306964571349695}.
[I 2026-08-30 19:27:33,800] Trial 19 finished with values: [-0.023, 90.65] and parameters: {'stop_loss_atr_multiplier': 1.0356851054165204, 'atr_take_profit_multiplier': 2.894836693516587, 'ma_crossover_short_window': 9, 'ma_crossover_long_window': 60, 'ma_crossover_sector_relative_strength_min': -9.59410538821467}.
[I 2026-08-30 19:27:52,882] Trial 20 finished with values: [-10.0, 100.0] and parameters: {'stop_loss_atr_multiplier': 2.1783706916589853, 'atr_take_profit_multiplier': 4.968837859472492, 'ma_crossover_short_window': 16, 'ma_crossover_long_window': 47, 'ma_crossover_sector_relative_strength_min': 4.216972053498772}.
[I 2026-08-30 19:28:11,721] Trial 21 finished with values: [0.053, 51.64] and parameters: {'stop_loss_atr_multiplier': 1.463584053083649, 'atr_take_profit_multiplier': 4.573452773543609, 'ma_crossover_short_window': 23, 'ma_crossover_long_window': 80, 'ma_crossover_sector_relative_strength_min': -3.483318121636751}.
[I 2026-08-30 19:28:30,119] Trial 22 finished with values: [0.161, 42.9] and parameters: {'stop_loss_atr_multiplier': 2.444738897956684, 'atr_take_profit_multiplier': 4.469648104008053, 'ma_crossover_short_window': 27, 'ma_crossover_long_window': 64, 'ma_crossover_sector_relative_strength_min': -27.161285575586902}.
[I 2026-08-30 19:28:49,170] Trial 23 finished with values: [0.077, 60.69] and parameters: {'stop_loss_atr_multiplier': 2.4592714715527335, 'atr_take_profit_multiplier': 4.522007755149796, 'ma_crossover_short_window': 27, 'ma_crossover_long_window': 66, 'ma_crossover_sector_relative_strength_min': -27.34352980282837}.
[I 2026-08-30 19:29:09,578] Trial 24 finished with values: [0.087, 57.79] and parameters: {'stop_loss_atr_multiplier': 2.2455922543145794, 'atr_take_profit_multiplier': 4.199920767377976, 'ma_crossover_short_window': 28, 'ma_crossover_long_window': 64, 'ma_crossover_sector_relative_strength_min': -21.856424572717007}.
[I 2026-08-30 19:29:28,856] Trial 25 finished with values: [0.024, 66.49] and parameters: {'stop_loss_atr_multiplier': 1.9060240378788, 'atr_take_profit_multiplier': 3.966260071604075, 'ma_crossover_short_window': 25, 'ma_crossover_long_window': 53, 'ma_crossover_sector_relative_strength_min': -13.87077395507294}.
[I 2026-08-30 19:29:48,873] Trial 26 finished with values: [-0.016, 87.51] and parameters: {'stop_loss_atr_multiplier': 2.293433200809797, 'atr_take_profit_multiplier': 4.709592635554598, 'ma_crossover_short_window': 21, 'ma_crossover_long_window': 34, 'ma_crossover_sector_relative_strength_min': -47.191944779836234}.
[I 2026-08-30 19:30:09,049] Trial 27 finished with values: [0.077, 73.38] and parameters: {'stop_loss_atr_multiplier': 2.068482726761373, 'atr_take_profit_multiplier': 3.9534432485374102, 'ma_crossover_short_window': 29, 'ma_crossover_long_window': 75, 'ma_crossover_sector_relative_strength_min': -29.498728887833284}.
[I 2026-08-30 19:30:28,443] Trial 28 finished with values: [0.06, 55.17] and parameters: {'stop_loss_atr_multiplier': 1.9794267776340748, 'atr_take_profit_multiplier': 3.797997287247086, 'ma_crossover_short_window': 21, 'ma_crossover_long_window': 61, 'ma_crossover_sector_relative_strength_min': -23.729030974649433}.
[I 2026-08-30 19:30:47,725] Trial 29 finished with values: [0.107, 63.77] and parameters: {'stop_loss_atr_multiplier': 2.4807544705308433, 'atr_take_profit_multiplier': 4.940023921518286, 'ma_crossover_short_window': 24, 'ma_crossover_long_window': 51, 'ma_crossover_sector_relative_strength_min': -42.645151560976714}.
[I 2026-08-30 19:31:06,896] Trial 30 finished with values: [0.107, 35.43] and parameters: {'stop_loss_atr_multiplier': 2.2994646783728543, 'atr_take_profit_multiplier': 4.300315059010375, 'ma_crossover_short_window': 25, 'ma_crossover_long_window': 73, 'ma_crossover_sector_relative_strength_min': -32.67886403112959}.
[I 2026-08-30 19:31:28,585] Trial 31 finished with values: [-10.0, 100.0] and parameters: {'stop_loss_atr_multiplier': 2.3766685662869316, 'atr_take_profit_multiplier': 4.475871561796445, 'ma_crossover_short_window': 23, 'ma_crossover_long_window': 69, 'ma_crossover_sector_relative_strength_min': 8.16693776600567}.
[I 2026-08-30 19:31:47,726] Trial 32 finished with values: [0.088, 38.39] and parameters: {'stop_loss_atr_multiplier': 0.6759277681912846, 'atr_take_profit_multiplier': 1.336737520197048, 'ma_crossover_short_window': 28, 'ma_crossover_long_window': 87, 'ma_crossover_sector_relative_strength_min': -1.4984592162908528}.
[I 2026-08-30 19:32:12,919] Trial 33 finished with values: [0.118, 44.47] and parameters: {'stop_loss_atr_multiplier': 1.131531526189022, 'atr_take_profit_multiplier': 3.4438797831829344, 'ma_crossover_short_window': 27, 'ma_crossover_long_window': 64, 'ma_crossover_sector_relative_strength_min': -8.614733653315502}.
[I 2026-08-30 19:32:35,856] Trial 34 finished with values: [0.011, 65.57] and parameters: {'stop_loss_atr_multiplier': 1.6301752432488572, 'atr_take_profit_multiplier': 3.347794095691264, 'ma_crossover_short_window': 26, 'ma_crossover_long_window': 78, 'ma_crossover_sector_relative_strength_min': -37.723590019815944}.
[I 2026-08-30 19:32:55,532] Trial 35 finished with values: [0.033, 66.52] and parameters: {'stop_loss_atr_multiplier': 1.339015599207916, 'atr_take_profit_multiplier': 2.647086328509631, 'ma_crossover_short_window': 24, 'ma_crossover_long_window': 58, 'ma_crossover_sector_relative_strength_min': -20.768371020873765}.
[I 2026-08-30 19:33:15,479] Trial 36 finished with values: [0.064, 56.95] and parameters: {'stop_loss_atr_multiplier': 0.8399937221514326, 'atr_take_profit_multiplier': 2.2605876174187696, 'ma_crossover_short_window': 29, 'ma_crossover_long_window': 72, 'ma_crossover_sector_relative_strength_min': -16.954812091098226}.
[I 2026-08-30 19:33:35,316] Trial 37 finished with values: [0.058, 70.96] and parameters: {'stop_loss_atr_multiplier': 2.2214262858833695, 'atr_take_profit_multiplier': 4.076947299271711, 'ma_crossover_short_window': 26, 'ma_crossover_long_window': 92, 'ma_crossover_sector_relative_strength_min': -34.66753884460633}.
[I 2026-08-30 19:33:55,628] Trial 38 finished with values: [0.058, 70.43] and parameters: {'stop_loss_atr_multiplier': 2.4970314889708267, 'atr_take_profit_multiplier': 4.399561693251417, 'ma_crossover_short_window': 23, 'ma_crossover_long_window': 49, 'ma_crossover_sector_relative_strength_min': -27.624080836770624}.
[I 2026-08-30 19:34:18,684] Trial 39 finished with values: [-0.092, 62.1] and parameters: {'stop_loss_atr_multiplier': 0.5005242246094264, 'atr_take_profit_multiplier': 1.7236334585019972, 'ma_crossover_short_window': 20, 'ma_crossover_long_window': 39, 'ma_crossover_sector_relative_strength_min': -11.677344589872542}.
[I 2026-08-30 19:34:39,762] Trial 40 finished with values: [0.023, 60.97] and parameters: {'stop_loss_atr_multiplier': 1.7974003825536053, 'atr_take_profit_multiplier': 4.7198206005228975, 'ma_crossover_short_window': 30, 'ma_crossover_long_window': 99, 'ma_crossover_sector_relative_strength_min': -5.574579548573382}.
[I 2026-08-30 19:35:01,385] Trial 41 finished with values: [-10.0, 100.0] and parameters: {'stop_loss_atr_multiplier': 2.3645511561215486, 'atr_take_profit_multiplier': 4.628206931895232, 'ma_crossover_short_window': 25, 'ma_crossover_long_window': 74, 'ma_crossover_sector_relative_strength_min': 8.411076113631704}.
[I 2026-08-30 19:35:23,129] Trial 42 finished with values: [0.041, 48.43] and parameters: {'stop_loss_atr_multiplier': 0.793977621349306, 'atr_take_profit_multiplier': 2.359434312154667, 'ma_crossover_short_window': 28, 'ma_crossover_long_window': 72, 'ma_crossover_sector_relative_strength_min': -33.05361975998866}.
[I 2026-08-30 19:35:43,296] Trial 43 finished with values: [0.112, 37.04] and parameters: {'stop_loss_atr_multiplier': 0.9561895073793247, 'atr_take_profit_multiplier': 1.9356897613743849, 'ma_crossover_short_window': 25, 'ma_crossover_long_window': 82, 'ma_crossover_sector_relative_strength_min': -42.891014976828046}.
[I 2026-08-30 19:36:07,764] Trial 44 finished with values: [0.185, 23.99] and parameters: {'stop_loss_atr_multiplier': 0.9702982599969341, 'atr_take_profit_multiplier': 1.9294450886182728, 'ma_crossover_short_window': 29, 'ma_crossover_long_window': 83, 'ma_crossover_sector_relative_strength_min': -43.765416665747146}.
[I 2026-08-30 19:36:29,105] Trial 45 finished with values: [-0.064, 89.33] and parameters: {'stop_loss_atr_multiplier': 1.5874787583575116, 'atr_take_profit_multiplier': 3.1289998548655884, 'ma_crossover_short_window': 8, 'ma_crossover_long_window': 92, 'ma_crossover_sector_relative_strength_min': -49.415030989521604}.
[I 2026-08-30 19:36:53,233] Trial 46 finished with values: [0.064, 77.1] and parameters: {'stop_loss_atr_multiplier': 1.3936823367409454, 'atr_take_profit_multiplier': 2.7191611114675283, 'ma_crossover_short_window': 13, 'ma_crossover_long_window': 84, 'ma_crossover_sector_relative_strength_min': -40.827647768688436}.
[I 2026-08-30 19:37:14,013] Trial 47 finished with values: [-0.08, 46.53] and parameters: {'stop_loss_atr_multiplier': 0.6453892932438632, 'atr_take_profit_multiplier': 1.0419400690410718, 'ma_crossover_short_window': 29, 'ma_crossover_long_window': 95, 'ma_crossover_sector_relative_strength_min': -45.971319537236674}.
[I 2026-08-30 19:37:38,830] Trial 48 finished with values: [0.037, 55.38] and parameters: {'stop_loss_atr_multiplier': 1.182139706166868, 'atr_take_profit_multiplier': 3.0014288142640595, 'ma_crossover_short_window': 29, 'ma_crossover_long_window': 89, 'ma_crossover_sector_relative_strength_min': -36.37579214858197}.
