[I 2026-08-30 21:44:05,729] A new study created in memory with name: no-name-b3aba954-49b7-4acf-846f-f84bc8660676
[I 2026-08-30 21:46:11,443] Trial 0 finished with values: [0.049, 20.53] and parameters: {'stop_loss_atr_multiplier': 1.249080237694725, 'atr_take_profit_multiplier': 4.848572664704217, 'ma_crossover_short_window': 24, 'ma_crossover_long_window': 72, 'ma_crossover_sector_relative_strength_min': -39.85878837124163}.
[I 2026-08-30 21:48:08,058] Trial 1 finished with values: [0.085, 19.4] and parameters: {'stop_loss_atr_multiplier': 0.8119890406724053, 'atr_take_profit_multiplier': 1.4123742807316348, 'ma_crossover_short_window': 27, 'ma_crossover_long_window': 72, 'ma_crossover_sector_relative_strength_min': -3.9752824432570435}.
[I 2026-08-30 21:50:14,742] Trial 2 finished with values: [0.063, 15.87] and parameters: {'stop_loss_atr_multiplier': 0.5411689885916049, 'atr_take_profit_multiplier': 2.1296306827161637, 'ma_crossover_short_window': 26, 'ma_crossover_long_window': 45, 'ma_crossover_sector_relative_strength_min': -38.18137713153846}.
[I 2026-08-30 21:52:18,985] Trial 3 finished with values: [0.06, 20.72] and parameters: {'stop_loss_atr_multiplier': 0.8668090197068676, 'atr_take_profit_multiplier': 2.0198222404266097, 'ma_crossover_short_window': 18, 'ma_crossover_long_window': 60, 'ma_crossover_sector_relative_strength_min': -31.070105887127276}.
[I 2026-08-30 21:54:32,872] Trial 4 finished with values: [0.058, 15.21] and parameters: {'stop_loss_atr_multiplier': 1.723705789444759, 'atr_take_profit_multiplier': 3.070684366055144, 'ma_crossover_short_window': 12, 'ma_crossover_long_window': 56, 'ma_crossover_sector_relative_strength_min': -20.355451025892666}.
[I 2026-08-30 21:56:36,917] Trial 5 finished with values: [0.102, 23.42] and parameters: {'stop_loss_atr_multiplier': 2.070351922786027, 'atr_take_profit_multiplier': 3.649499989135013, 'ma_crossover_short_window': 18, 'ma_crossover_long_window': 72, 'ma_crossover_sector_relative_strength_min': -46.98072317320015}.
[I 2026-08-30 21:59:07,578] Trial 6 finished with values: [-10.0, 100.0] and parameters: {'stop_loss_atr_multiplier': 1.7150897038028767, 'atr_take_profit_multiplier': 3.1288214744633294, 'ma_crossover_short_window': 6, 'ma_crossover_long_window': 97, 'ma_crossover_sector_relative_strength_min': 12.766082149846355}.
[I 2026-08-30 22:01:12,961] Trial 7 finished with values: [0.124, 15.65] and parameters: {'stop_loss_atr_multiplier': 2.1167946962329225, 'atr_take_profit_multiplier': 3.8782526622623923, 'ma_crossover_short_window': 7, 'ma_crossover_long_window': 78, 'ma_crossover_sector_relative_strength_min': -21.390087906925917}.
[I 2026-08-30 22:03:14,205] Trial 8 finished with values: [-0.031, 19.23] and parameters: {'stop_loss_atr_multiplier': 0.7440764696895577, 'atr_take_profit_multiplier': 2.074801120656998, 'ma_crossover_short_window': 5, 'ma_crossover_long_window': 94, 'ma_crossover_sector_relative_strength_min': -33.1793011959989}.
[I 2026-08-30 22:05:26,247] Trial 9 finished with values: [0.087, 15.02] and parameters: {'stop_loss_atr_multiplier': 1.825044568707964, 'atr_take_profit_multiplier': 3.5684081201028466, 'ma_crossover_short_window': 18, 'ma_crossover_long_window': 68, 'ma_crossover_sector_relative_strength_min': -37.984460390840745}.
[I 2026-08-30 22:07:48,585] Trial 10 finished with values: [0.079, 23.71] and parameters: {'stop_loss_atr_multiplier': 2.437950416353774, 'atr_take_profit_multiplier': 4.835664740237352, 'ma_crossover_short_window': 12, 'ma_crossover_long_window': 31, 'ma_crossover_sector_relative_strength_min': -13.23514910570879}.
[I 2026-08-30 22:10:05,047] Trial 11 finished with values: [0.174, 15.93] and parameters: {'stop_loss_atr_multiplier': 2.3153295905650353, 'atr_take_profit_multiplier': 4.186359460064211, 'ma_crossover_short_window': 11, 'ma_crossover_long_window': 85, 'ma_crossover_sector_relative_strength_min': -17.496491049143817}.
[I 2026-08-30 22:12:17,888] Trial 12 finished with values: [0.182, 16.28] and parameters: {'stop_loss_atr_multiplier': 2.489050075011333, 'atr_take_profit_multiplier': 4.550790137047581, 'ma_crossover_short_window': 11, 'ma_crossover_long_window': 86, 'ma_crossover_sector_relative_strength_min': -2.9761581325823396}.
[I 2026-08-30 22:14:36,208] Trial 13 finished with values: [-10.0, 100.0] and parameters: {'stop_loss_atr_multiplier': 2.4402920758130278, 'atr_take_profit_multiplier': 4.628242872600275, 'ma_crossover_short_window': 12, 'ma_crossover_long_window': 87, 'ma_crossover_sector_relative_strength_min': 2.822897135246099}.
[I 2026-08-30 22:16:59,155] Trial 14 finished with values: [0.142, 15.46] and parameters: {'stop_loss_atr_multiplier': 2.227260822240652, 'atr_take_profit_multiplier': 4.406981118970205, 'ma_crossover_short_window': 10, 'ma_crossover_long_window': 85, 'ma_crossover_sector_relative_strength_min': -4.4244312994056045}.
[I 2026-08-30 22:19:22,406] Trial 15 finished with values: [0.098, 18.66] and parameters: {'stop_loss_atr_multiplier': 2.037379752093864, 'atr_take_profit_multiplier': 4.242798070770684, 'ma_crossover_short_window': 16, 'ma_crossover_long_window': 84, 'ma_crossover_sector_relative_strength_min': -16.526923088638704}.
[I 2026-08-30 22:21:36,289] Trial 16 finished with values: [0.054, 20.23] and parameters: {'stop_loss_atr_multiplier': 1.3835095458241793, 'atr_take_profit_multiplier': 4.1891163536274885, 'ma_crossover_short_window': 9, 'ma_crossover_long_window': 100, 'ma_crossover_sector_relative_strength_min': -25.390734399504137}.
[I 2026-08-30 22:23:46,450] Trial 17 finished with values: [0.093, 24.39] and parameters: {'stop_loss_atr_multiplier': 2.249579325998173, 'atr_take_profit_multiplier': 4.302802201994092, 'ma_crossover_short_window': 30, 'ma_crossover_long_window': 90, 'ma_crossover_sector_relative_strength_min': -8.411033678870341}.
[I 2026-08-30 22:26:00,914] Trial 18 finished with values: [-10.0, 100.0] and parameters: {'stop_loss_atr_multiplier': 1.3851368513994053, 'atr_take_profit_multiplier': 3.941808643466858, 'ma_crossover_short_window': 15, 'ma_crossover_long_window': 58, 'ma_crossover_sector_relative_strength_min': 5.376807031004326}.
[I 2026-08-30 22:28:20,424] Trial 19 finished with values: [0.087, 20.82] and parameters: {'stop_loss_atr_multiplier': 1.8585295086525708, 'atr_take_profit_multiplier': 4.567632793473125, 'ma_crossover_short_window': 9, 'ma_crossover_long_window': 79, 'ma_crossover_sector_relative_strength_min': -12.075393046920597}.
Fetching history for 407 ticker(s) + SPY, 2021-08-30..2026-08-30 (once, reused across all 20 trials)...
Fetching 11 sector ETF(s) for Sector_Relative_Strength...
Fetched 407/407 ticker(s).
Generated 54 walk-forward fold(s).
Ticker holdout split (seed=42, frac=0.25): 305 tune / 102 holdout. Holdout tickers never seen during tuning: ['ACN', 'ADI', 'ADM', 'AFL', 'ALL', 'AON', 'ARM', 'ATD.TO', 'AWK', 'BIIB', 'BKR', 'BLK', 'CCL', 'CFG', 'CL', 'CMI', 'COIN', 'COP', 'CPAY', 'CSCO', 'CSX', 'DASH', 'DE', 'DGX', 'DHI', 'DHR', 'DLR', 'DOCU', 'DOW', 'DTE', 'EMR', 'EW', 'EXC', 'EXPE', 'EXR', 'FOXA', 'GM', 'GOOG', 'GPN', 'GRMN', 'HAL', 'HST', 'IBM', 'IDXX', 'IR', 'ISRG', 'KHC', 'KKR', 'L.TO', 'LEN', 'LHX', 'LIN', 'LITE', 'LLY', 'LMT', 'LVS', 'MAR', 'MCHP', 'MCK', 'MCO', 'MDB', 'MDT', 'MPWR', 'MSCI', 'MSFT', 'MSTR', 'MTB', 'MTCH', 'NEM', 'NKE', 'NTR.TO', 'ODFL', 'OKTA', 'PCAR', 'PEP', 'PG', 'PLD', 'PSA', 'PSX', 'PYPL', 'QRVO', 'SLB', 'SNDK', 'SRE', 'SYK', 'T', 'TD.TO', 'TDG', 'TEAM', 'TEL', 'TGT', 'U', 'V', 'VRTX', 'WAB', 'WBD', 'WEC', 'WM', 'WY', 'XEL', 'XYZ', 'ZM']
Using up to 8 CPU core(s) for walk-forward parallelization (--max-workers to change; 12 available).

Baseline (DEFAULT_CONFIG, strategy=ma_crossover) pooled out-of-sample metrics on TUNE tickers (recency-weighted, half-life=180d): {'trade_count': 1781, 'effective_trade_count': 568.5, 'win_rate': 31.45, 'avg_pnl_pct': -0.09, 'pnl_std': 4.47, 'sharpe_like': -0.021, 'trades_per_year': 407.3, 'annualized_sharpe_like': -0.424, 'k_ratio': 18.295}
  Baseline max_drawdown: 15.55%
Live Trade_Outcomes so far (every signal, all tiers): 722 -- pooled metrics: {'trade_count': 722, 'open_count': 0, 'win_count': 227, 'loss_count': 493, 'expired_count': 2, 'win_rate': 31.44, 'avg_pnl_pct': 1.06, 'total_pnl_pct': 765.86, 'pnl_std': 7.69, 'sharpe_like': 0.138, 'trades_per_year': None, 'annualized_sharpe_like': None, 'k_ratio': None}
  Actionable tier (Strong Buy/Buy) only: 431 -- pooled metrics: {'trade_count': 431, 'open_count': 0, 'win_count': 153, 'loss_count': 276, 'expired_count': 2, 'win_rate': 35.5, 'avg_pnl_pct': 2.37, 'total_pnl_pct': 1022.84, 'pnl_std': 8.86, 'sharpe_like': 0.268, 'trades_per_year': None, 'annualized_sharpe_like': None, 'k_ratio': None}
    ...of which CONFIRMED real fills: 2 -- pooled metrics: {'trade_count': 2, 'open_count': 0, 'win_count': 0, 'loss_count': 2, 'expired_count': 0, 'win_rate': 0.0, 'avg_pnl_pct': -5.03, 'total_pnl_pct': -10.06, 'pnl_std': 0.2, 'sharpe_like': -25.405, 'trades_per_year': None, 'annualized_sharpe_like': None, 'k_ratio': None}
  Research tier (Watch, never traded/tradeable) only: 221 -- pooled metrics: {'trade_count': 221, 'open_count': 0, 'win_count': 43, 'loss_count': 178, 'expired_count': 0, 'win_rate': 19.46, 'avg_pnl_pct': -1.44, 'total_pnl_pct': -318.7, 'pnl_std': 4.49, 'sharpe_like': -0.321, 'trades_per_year': None, 'annualized_sharpe_like': None, 'k_ratio': None}
  Research_loosened tier (active config scored Ignore, loosened config didn't, never traded/tradeable) only: 70 -- pooled metrics: {'trade_count': 70, 'open_count': 0, 'win_count': 31, 'loss_count': 39, 'expired_count': 0, 'win_rate': 44.29, 'avg_pnl_pct': 0.88, 'total_pnl_pct': 61.72, 'pnl_std': 5.81, 'sharpe_like': 0.152, 'trades_per_year': None, 'annualized_sharpe_like': None, 'k_ratio': None}. Reflects the loosened config, NOT the active one -- a sanity check on whether loosening is worth considering, not a report card on v19 itself.

Pareto front: 4 non-dominated trial(s) (sharpe_like, max_drawdown%)
  Trial #12: sharpe_like=0.1820, max_drawdown=16.28%  (annualized_sharpe~3.435, win_rate=16.7%)  params={'stop_loss_atr_multiplier': 2.489050075011333, 'atr_take_profit_multiplier': 4.550790137047581, 'ma_crossover_short_window': 11, 'ma_crossover_long_window': 86, 'ma_crossover_sector_relative_strength_min': -2.9761581325823396}
  Trial #11: sharpe_like=0.1740, max_drawdown=15.93%  (annualized_sharpe~3.284, win_rate=19.5%)  params={'stop_loss_atr_multiplier': 2.3153295905650353, 'atr_take_profit_multiplier': 4.186359460064211, 'ma_crossover_short_window': 11, 'ma_crossover_long_window': 85, 'ma_crossover_sector_relative_strength_min': -17.496491049143817}
  Trial #14: sharpe_like=0.1420, max_drawdown=15.46%  (annualized_sharpe~2.751, win_rate=17.5%)  params={'stop_loss_atr_multiplier': 2.227260822240652, 'atr_take_profit_multiplier': 4.406981118970205, 'ma_crossover_short_window': 10, 'ma_crossover_long_window': 85, 'ma_crossover_sector_relative_strength_min': -4.4244312994056045}
  Trial #9: sharpe_like=0.0870, max_drawdown=15.02%  (annualized_sharpe~1.602, win_rate=23.1%)  params={'stop_loss_atr_multiplier': 1.825044568707964, 'atr_take_profit_multiplier': 3.5684081201028466, 'ma_crossover_short_window': 18, 'ma_crossover_long_window': 68, 'ma_crossover_sector_relative_strength_min': -37.984460390840745}

Selected from Pareto front, trial #12: sharpe_like=0.1820, max_drawdown=16.28%  (annualized_sharpe~3.435, win_rate=16.7%)
  params: {'stop_loss_atr_multiplier': 2.489050075011333, 'atr_take_profit_multiplier': 4.550790137047581, 'ma_crossover_short_window': 11, 'ma_crossover_long_window': 86, 'ma_crossover_sector_relative_strength_min': -2.9761581325823396}
  metrics (TUNE tickers): {'trade_count': 1562, 'effective_trade_count': 506.2, 'win_rate': 16.72, 'avg_pnl_pct': 1.43, 'pnl_std': 7.82, 'sharpe_like': 0.182, 'trades_per_year': 356.1, 'annualized_sharpe_like': 3.435, 'k_ratio': 58.409}

=== Deflated Sharpe Ratio (selection-bias correction, 17 scored trial(s) this search, sharpe_std=0.0500) ===
  Search-level DSR: 100.0% confidence this beats what 17 trials would produce by chance alone (zero real skill).
  Project-wide DSR: 99.3% confidence using 68 (every candidate System_Config ever written across this whole project) as N -- a much more conservative, whole-project view, reusing this search's own sharpe_std as the best available proxy (not a rigorous full-history recomputation -- no per-trial Sharpe is stored from past searches).
  Caveat: assumes independent trials -- Optuna's TPE sampler deliberately exploits promising regions, so real trials are somewhat correlated, making this a real but imperfect approximation. Also assumes normal returns (skewness=0, kurtosis=3) -- the true correction would need the winning trial's raw per-trade return distribution, not just its summarized metrics.

=== RRR-vs-scoring-ceiling check (can this config's Buy tier ever fire -- or fire too easily?) ===
  BASELINE  (DEFAULT_CONFIG): RRR=2.0, best-case Trade_Score=66.67 vs signal_buy_threshold=60 -- OK, reachable; RRR alone=33.33 vs signal_watch_threshold=40 -- OK, discriminating
  CANDIDATE (winning trial):  RRR=1.83, best-case Trade_Score=63.83 vs signal_buy_threshold=60 -- OK, reachable; RRR alone=30.5 vs signal_watch_threshold=40 -- OK, discriminating

=== Ticker-universe holdout validation (102 tickers Optuna never saw) ===
  baseline (DEFAULT_CONFIG, strategy=ma_crossover) on holdout: {'trade_count': 598, 'effective_trade_count': 220.0, 'win_rate': 33.04, 'avg_pnl_pct': 0.04, 'pnl_std': 4.17, 'sharpe_like': 0.01, 'trades_per_year': 136.9, 'annualized_sharpe_like': 0.117, 'k_ratio': -24.957}
  candidate (winning trial) on holdout: {'trade_count': 544, 'effective_trade_count': 189.7, 'win_rate': 14.86, 'avg_pnl_pct': 0.84, 'pnl_std': 7.34, 'sharpe_like': 0.114, 'trades_per_year': 124.6, 'annualized_sharpe_like': 1.272, 'k_ratio': -0.175}
  baseline max_drawdown on holdout: 38.85%
  candidate max_drawdown on holdout: 25.78%
  LIVE (active v60) on holdout: {'trade_count': 426, 'effective_trade_count': 154.3, 'win_rate': 39.56, 'avg_pnl_pct': -0.11, 'pnl_std': 2.73, 'sharpe_like': -0.04, 'trades_per_year': 97.4, 'annualized_sharpe_like': -0.395, 'k_ratio': 24.618}
  Candidate (0.114) beats what's actually live (active v60, -0.04) on holdout -- the decision-relevant comparison, not just vs DEFAULT_CONFIG.

=== Real-vs-random ratio check (single window, same methodology as benchmark_random_entry.py) ===
Isolates whether tuning found genuinely better TIMING or just a payoff-bracket shape that inflates ANY entry's return, real or random -- watch the GAP (REAL sharpe_like minus RANDOM sharpe_like), not the raw REAL number alone.
  BASELINE  (ma_crossover, DEFAULT_CONFIG): REAL sharpe_like=-0.003 vs RANDOM sharpe_like=-0.006  (gap=0.003)
  CANDIDATE (ma_crossover, winning trial):  REAL sharpe_like=0.096 vs RANDOM sharpe_like=0.024  (gap=0.07200000000000001)
  Candidate's real-vs-random GAP (0.0720) improved on baseline's (0.0030) -- a real, if modest, sign the tuning found genuine timing value, not just a reshaped payoff bracket.

Wrote candidate System_Config version=69 (status=candidate, NOT active).
Review it, then run: python promote_config.py --promote 69
