[I 2026-09-03 01:58:21,404] Trial 6 finished with value: 0.178 and parameters: {'ma_crossover_short_window': 11, 'ma_crossover_long_window': 90, 'ma_crossover_sector_relative_strength_min': -3.7741303513040476, 'ma_crossover_yield_curve_spread_max': 0.4526281555382279, 'ma_crossover_skew_regime_min': -7.523027547528713}. Best is trial 0 with value: 0.189.
Pinning every ma_crossover dimension except skew_regime_min to v71's live values:
  ma_crossover_short_window = 11
  ma_crossover_long_window = 90
  ma_crossover_sector_relative_strength_min = -3.7741303513040476
  ma_crossover_yield_curve_spread_max = 0.4526281555382279
  atr_take_profit_multiplier = 4.087579761131225
  stop_loss_atr_multiplier = 2.0934344786843373
Pinning every ma_crossover dimension except skew_regime_min to v71's live values:
  ma_crossover_short_window = 11
  ma_crossover_long_window = 90
  ma_crossover_sector_relative_strength_min = -3.7741303513040476
  ma_crossover_yield_curve_spread_max = 0.4526281555382279
  atr_take_profit_multiplier = 4.087579761131225
  stop_loss_atr_multiplier = 2.0934344786843373
Pinning every ma_crossover dimension except skew_regime_min to v71's live values:
  ma_crossover_short_window = 11
  ma_crossover_long_window = 90
  ma_crossover_sector_relative_strength_min = -3.7741303513040476
  ma_crossover_yield_curve_spread_max = 0.4526281555382279
  atr_take_profit_multiplier = 4.087579761131225
  stop_loss_atr_multiplier = 2.0934344786843373
Pinning every ma_crossover dimension except skew_regime_min to v71's live values:
  ma_crossover_short_window = 11
  ma_crossover_long_window = 90
  ma_crossover_sector_relative_strength_min = -3.7741303513040476
  ma_crossover_yield_curve_spread_max = 0.4526281555382279
  atr_take_profit_multiplier = 4.087579761131225
  stop_loss_atr_multiplier = 2.0934344786843373
Pinning every ma_crossover dimension except skew_regime_min to v71's live values:
  ma_crossover_short_window = 11
  ma_crossover_long_window = 90
  ma_crossover_sector_relative_strength_min = -3.7741303513040476
  ma_crossover_yield_curve_spread_max = 0.4526281555382279
  atr_take_profit_multiplier = 4.087579761131225
  stop_loss_atr_multiplier = 2.0934344786843373
Pinning every ma_crossover dimension except skew_regime_min to v71's live values:
  ma_crossover_short_window = 11
  ma_crossover_long_window = 90
  ma_crossover_sector_relative_strength_min = -3.7741303513040476
  ma_crossover_yield_curve_spread_max = 0.4526281555382279
  atr_take_profit_multiplier = 4.087579761131225
  stop_loss_atr_multiplier = 2.0934344786843373
[I 2026-09-03 01:58:38,217] Trial 7 finished with value: 0.178 and parameters: {'ma_crossover_short_window': 11, 'ma_crossover_long_window': 90, 'ma_crossover_sector_relative_strength_min': -3.7741303513040476, 'ma_crossover_yield_curve_spread_max': 0.4526281555382279, 'ma_crossover_skew_regime_min': -6.831744402560808}. Best is trial 0 with value: 0.189.
Pinning every ma_crossover dimension except skew_regime_min to v71's live values:
  ma_crossover_short_window = 11
  ma_crossover_long_window = 90
  ma_crossover_sector_relative_strength_min = -3.7741303513040476
  ma_crossover_yield_curve_spread_max = 0.4526281555382279
  atr_take_profit_multiplier = 4.087579761131225
  stop_loss_atr_multiplier = 2.0934344786843373
Pinning every ma_crossover dimension except skew_regime_min to v71's live values:
  ma_crossover_short_window = 11
  ma_crossover_long_window = 90
  ma_crossover_sector_relative_strength_min = -3.7741303513040476
  ma_crossover_yield_curve_spread_max = 0.4526281555382279
  atr_take_profit_multiplier = 4.087579761131225
  stop_loss_atr_multiplier = 2.0934344786843373
Pinning every ma_crossover dimension except skew_regime_min to v71's live values:
  ma_crossover_short_window = 11
  ma_crossover_long_window = 90
  ma_crossover_sector_relative_strength_min = -3.7741303513040476
  ma_crossover_yield_curve_spread_max = 0.4526281555382279
  atr_take_profit_multiplier = 4.087579761131225
  stop_loss_atr_multiplier = 2.0934344786843373
Pinning every ma_crossover dimension except skew_regime_min to v71's live values:
  ma_crossover_short_window = 11
  ma_crossover_long_window = 90
  ma_crossover_sector_relative_strength_min = -3.7741303513040476
  ma_crossover_yield_curve_spread_max = 0.4526281555382279
  atr_take_profit_multiplier = 4.087579761131225
  stop_loss_atr_multiplier = 2.0934344786843373
Pinning every ma_crossover dimension except skew_regime_min to v71's live values:
  ma_crossover_short_window = 11
  ma_crossover_long_window = 90
  ma_crossover_sector_relative_strength_min = -3.7741303513040476
  ma_crossover_yield_curve_spread_max = 0.4526281555382279
  atr_take_profit_multiplier = 4.087579761131225
  stop_loss_atr_multiplier = 2.0934344786843373
Pinning every ma_crossover dimension except skew_regime_min to v71's live values:
  ma_crossover_short_window = 11
  ma_crossover_long_window = 90
  ma_crossover_sector_relative_strength_min = -3.7741303513040476
  ma_crossover_yield_curve_spread_max = 0.4526281555382279
  atr_take_profit_multiplier = 4.087579761131225
  stop_loss_atr_multiplier = 2.0934344786843373
[I 2026-09-03 01:58:55,403] Trial 8 finished with value: 0.164 and parameters: {'ma_crossover_short_window': 11, 'ma_crossover_long_window': 90, 'ma_crossover_sector_relative_strength_min': -3.7741303513040476, 'ma_crossover_yield_curve_spread_max': 0.4526281555382279, 'ma_crossover_skew_regime_min': -14.506365495918956}. Best is trial 0 with value: 0.189.
Pinning every ma_crossover dimension except skew_regime_min to v71's live values:
  ma_crossover_short_window = 11
  ma_crossover_long_window = 90
  ma_crossover_sector_relative_strength_min = -3.7741303513040476
  ma_crossover_yield_curve_spread_max = 0.4526281555382279
  atr_take_profit_multiplier = 4.087579761131225
  stop_loss_atr_multiplier = 2.0934344786843373
Pinning every ma_crossover dimension except skew_regime_min to v71's live values:
  ma_crossover_short_window = 11
  ma_crossover_long_window = 90
  ma_crossover_sector_relative_strength_min = -3.7741303513040476
  ma_crossover_yield_curve_spread_max = 0.4526281555382279
  atr_take_profit_multiplier = 4.087579761131225
  stop_loss_atr_multiplier = 2.0934344786843373
Pinning every ma_crossover dimension except skew_regime_min to v71's live values:
  ma_crossover_short_window = 11
  ma_crossover_long_window = 90
  ma_crossover_sector_relative_strength_min = -3.7741303513040476
  ma_crossover_yield_curve_spread_max = 0.4526281555382279
  atr_take_profit_multiplier = 4.087579761131225
  stop_loss_atr_multiplier = 2.0934344786843373
Pinning every ma_crossover dimension except skew_regime_min to v71's live values:
  ma_crossover_short_window = 11
  ma_crossover_long_window = 90
  ma_crossover_sector_relative_strength_min = -3.7741303513040476
  ma_crossover_yield_curve_spread_max = 0.4526281555382279
  atr_take_profit_multiplier = 4.087579761131225
  stop_loss_atr_multiplier = 2.0934344786843373
Pinning every ma_crossover dimension except skew_regime_min to v71's live values:
  ma_crossover_short_window = 11
  ma_crossover_long_window = 90
  ma_crossover_sector_relative_strength_min = -3.7741303513040476
  ma_crossover_yield_curve_spread_max = 0.4526281555382279
  atr_take_profit_multiplier = 4.087579761131225
  stop_loss_atr_multiplier = 2.0934344786843373
Pinning every ma_crossover dimension except skew_regime_min to v71's live values:
  ma_crossover_short_window = 11
  ma_crossover_long_window = 90
  ma_crossover_sector_relative_strength_min = -3.7741303513040476
  ma_crossover_yield_curve_spread_max = 0.4526281555382279
  atr_take_profit_multiplier = 4.087579761131225
  stop_loss_atr_multiplier = 2.0934344786843373
[I 2026-09-03 01:59:12,834] Trial 9 finished with value: 0.18 and parameters: {'ma_crossover_short_window': 11, 'ma_crossover_long_window': 90, 'ma_crossover_sector_relative_strength_min': -3.7741303513040476, 'ma_crossover_yield_curve_spread_max': 0.4526281555382279, 'ma_crossover_skew_regime_min': -10.365873807882434}. Best is trial 0 with value: 0.189.
Pinning every ma_crossover dimension except skew_regime_min to v71's live values:
  ma_crossover_short_window = 11
  ma_crossover_long_window = 90
  ma_crossover_sector_relative_strength_min = -3.7741303513040476
  ma_crossover_yield_curve_spread_max = 0.4526281555382279
  atr_take_profit_multiplier = 4.087579761131225
  stop_loss_atr_multiplier = 2.0934344786843373
Pinning every ma_crossover dimension except skew_regime_min to v71's live values:
  ma_crossover_short_window = 11
  ma_crossover_long_window = 90
  ma_crossover_sector_relative_strength_min = -3.7741303513040476
  ma_crossover_yield_curve_spread_max = 0.4526281555382279
  atr_take_profit_multiplier = 4.087579761131225
  stop_loss_atr_multiplier = 2.0934344786843373
Pinning every ma_crossover dimension except skew_regime_min to v71's live values:
  ma_crossover_short_window = 11
  ma_crossover_long_window = 90
  ma_crossover_sector_relative_strength_min = -3.7741303513040476
  ma_crossover_yield_curve_spread_max = 0.4526281555382279
  atr_take_profit_multiplier = 4.087579761131225
  stop_loss_atr_multiplier = 2.0934344786843373
Pinning every ma_crossover dimension except skew_regime_min to v71's live values:
  ma_crossover_short_window = 11
  ma_crossover_long_window = 90
  ma_crossover_sector_relative_strength_min = -3.7741303513040476
  ma_crossover_yield_curve_spread_max = 0.4526281555382279
  atr_take_profit_multiplier = 4.087579761131225
  stop_loss_atr_multiplier = 2.0934344786843373
Pinning every ma_crossover dimension except skew_regime_min to v71's live values:
  ma_crossover_short_window = 11
  ma_crossover_long_window = 90
  ma_crossover_sector_relative_strength_min = -3.7741303513040476
  ma_crossover_yield_curve_spread_max = 0.4526281555382279
  atr_take_profit_multiplier = 4.087579761131225
  stop_loss_atr_multiplier = 2.0934344786843373
Pinning every ma_crossover dimension except skew_regime_min to v71's live values:
  ma_crossover_short_window = 11
  ma_crossover_long_window = 90
  ma_crossover_sector_relative_strength_min = -3.7741303513040476
  ma_crossover_yield_curve_spread_max = 0.4526281555382279
  atr_take_profit_multiplier = 4.087579761131225
  stop_loss_atr_multiplier = 2.0934344786843373
[I 2026-09-03 01:59:29,780] Trial 10 finished with value: -10.0 and parameters: {'ma_crossover_short_window': 11, 'ma_crossover_long_window': 90, 'ma_crossover_sector_relative_strength_min': -3.7741303513040476, 'ma_crossover_yield_curve_spread_max': 0.4526281555382279, 'ma_crossover_skew_regime_min': 16.888571717159184}. Best is trial 0 with value: 0.189.
Pinning every ma_crossover dimension except skew_regime_min to v71's live values:
  ma_crossover_short_window = 11
  ma_crossover_long_window = 90
  ma_crossover_sector_relative_strength_min = -3.7741303513040476
  ma_crossover_yield_curve_spread_max = 0.4526281555382279
  atr_take_profit_multiplier = 4.087579761131225
  stop_loss_atr_multiplier = 2.0934344786843373
Pinning every ma_crossover dimension except skew_regime_min to v71's live values:
  ma_crossover_short_window = 11
  ma_crossover_long_window = 90
  ma_crossover_sector_relative_strength_min = -3.7741303513040476
  ma_crossover_yield_curve_spread_max = 0.4526281555382279
  atr_take_profit_multiplier = 4.087579761131225
  stop_loss_atr_multiplier = 2.0934344786843373
Pinning every ma_crossover dimension except skew_regime_min to v71's live values:
  ma_crossover_short_window = 11
  ma_crossover_long_window = 90
  ma_crossover_sector_relative_strength_min = -3.7741303513040476
  ma_crossover_yield_curve_spread_max = 0.4526281555382279
  atr_take_profit_multiplier = 4.087579761131225
  stop_loss_atr_multiplier = 2.0934344786843373
Pinning every ma_crossover dimension except skew_regime_min to v71's live values:
  ma_crossover_short_window = 11
  ma_crossover_long_window = 90
  ma_crossover_sector_relative_strength_min = -3.7741303513040476
  ma_crossover_yield_curve_spread_max = 0.4526281555382279
  atr_take_profit_multiplier = 4.087579761131225
  stop_loss_atr_multiplier = 2.0934344786843373
Pinning every ma_crossover dimension except skew_regime_min to v71's live values:
  ma_crossover_short_window = 11
  ma_crossover_long_window = 90
  ma_crossover_sector_relative_strength_min = -3.7741303513040476
  ma_crossover_yield_curve_spread_max = 0.4526281555382279
  atr_take_profit_multiplier = 4.087579761131225
  stop_loss_atr_multiplier = 2.0934344786843373
Pinning every ma_crossover dimension except skew_regime_min to v71's live values:
  ma_crossover_short_window = 11
  ma_crossover_long_window = 90
  ma_crossover_sector_relative_strength_min = -3.7741303513040476
  ma_crossover_yield_curve_spread_max = 0.4526281555382279
  atr_take_profit_multiplier = 4.087579761131225
  stop_loss_atr_multiplier = 2.0934344786843373
[I 2026-09-03 01:59:47,056] Trial 11 finished with value: 0.189 and parameters: {'ma_crossover_short_window': 11, 'ma_crossover_long_window': 90, 'ma_crossover_sector_relative_strength_min': -3.7741303513040476, 'ma_crossover_yield_curve_spread_max': 0.4526281555382279, 'ma_crossover_skew_regime_min': -21.186571485091886}. Best is trial 0 with value: 0.189.
Pinning every ma_crossover dimension except skew_regime_min to v71's live values:
  ma_crossover_short_window = 11
  ma_crossover_long_window = 90
  ma_crossover_sector_relative_strength_min = -3.7741303513040476
  ma_crossover_yield_curve_spread_max = 0.4526281555382279
  atr_take_profit_multiplier = 4.087579761131225
  stop_loss_atr_multiplier = 2.0934344786843373
Pinning every ma_crossover dimension except skew_regime_min to v71's live values:
  ma_crossover_short_window = 11
  ma_crossover_long_window = 90
  ma_crossover_sector_relative_strength_min = -3.7741303513040476
  ma_crossover_yield_curve_spread_max = 0.4526281555382279
  atr_take_profit_multiplier = 4.087579761131225
  stop_loss_atr_multiplier = 2.0934344786843373
Pinning every ma_crossover dimension except skew_regime_min to v71's live values:
  ma_crossover_short_window = 11
  ma_crossover_long_window = 90
  ma_crossover_sector_relative_strength_min = -3.7741303513040476
  ma_crossover_yield_curve_spread_max = 0.4526281555382279
  atr_take_profit_multiplier = 4.087579761131225
  stop_loss_atr_multiplier = 2.0934344786843373
Pinning every ma_crossover dimension except skew_regime_min to v71's live values:
  ma_crossover_short_window = 11
  ma_crossover_long_window = 90
  ma_crossover_sector_relative_strength_min = -3.7741303513040476
  ma_crossover_yield_curve_spread_max = 0.4526281555382279
  atr_take_profit_multiplier = 4.087579761131225
  stop_loss_atr_multiplier = 2.0934344786843373
Pinning every ma_crossover dimension except skew_regime_min to v71's live values:
  ma_crossover_short_window = 11
  ma_crossover_long_window = 90
  ma_crossover_sector_relative_strength_min = -3.7741303513040476
  ma_crossover_yield_curve_spread_max = 0.4526281555382279
  atr_take_profit_multiplier = 4.087579761131225
  stop_loss_atr_multiplier = 2.0934344786843373
Pinning every ma_crossover dimension except skew_regime_min to v71's live values:
  ma_crossover_short_window = 11
  ma_crossover_long_window = 90
  ma_crossover_sector_relative_strength_min = -3.7741303513040476
  ma_crossover_yield_curve_spread_max = 0.4526281555382279
  atr_take_profit_multiplier = 4.087579761131225
  stop_loss_atr_multiplier = 2.0934344786843373
[I 2026-09-03 02:00:04,358] Trial 12 finished with value: 0.189 and parameters: {'ma_crossover_short_window': 11, 'ma_crossover_long_window': 90, 'ma_crossover_sector_relative_strength_min': -3.7741303513040476, 'ma_crossover_yield_curve_spread_max': 0.4526281555382279, 'ma_crossover_skew_regime_min': -29.562100315390957}. Best is trial 0 with value: 0.189.
Pinning every ma_crossover dimension except skew_regime_min to v71's live values:
  ma_crossover_short_window = 11
  ma_crossover_long_window = 90
  ma_crossover_sector_relative_strength_min = -3.7741303513040476
  ma_crossover_yield_curve_spread_max = 0.4526281555382279
  atr_take_profit_multiplier = 4.087579761131225
  stop_loss_atr_multiplier = 2.0934344786843373
Pinning every ma_crossover dimension except skew_regime_min to v71's live values:
  ma_crossover_short_window = 11
  ma_crossover_long_window = 90
  ma_crossover_sector_relative_strength_min = -3.7741303513040476
  ma_crossover_yield_curve_spread_max = 0.4526281555382279
  atr_take_profit_multiplier = 4.087579761131225
  stop_loss_atr_multiplier = 2.0934344786843373
Pinning every ma_crossover dimension except skew_regime_min to v71's live values:
  ma_crossover_short_window = 11
  ma_crossover_long_window = 90
  ma_crossover_sector_relative_strength_min = -3.7741303513040476
  ma_crossover_yield_curve_spread_max = 0.4526281555382279
  atr_take_profit_multiplier = 4.087579761131225
  stop_loss_atr_multiplier = 2.0934344786843373
Pinning every ma_crossover dimension except skew_regime_min to v71's live values:
  ma_crossover_short_window = 11
  ma_crossover_long_window = 90
  ma_crossover_sector_relative_strength_min = -3.7741303513040476
  ma_crossover_yield_curve_spread_max = 0.4526281555382279
  atr_take_profit_multiplier = 4.087579761131225
  stop_loss_atr_multiplier = 2.0934344786843373
Pinning every ma_crossover dimension except skew_regime_min to v71's live values:
  ma_crossover_short_window = 11
  ma_crossover_long_window = 90
  ma_crossover_sector_relative_strength_min = -3.7741303513040476
  ma_crossover_yield_curve_spread_max = 0.4526281555382279
  atr_take_profit_multiplier = 4.087579761131225
  stop_loss_atr_multiplier = 2.0934344786843373
Pinning every ma_crossover dimension except skew_regime_min to v71's live values:
  ma_crossover_short_window = 11
  ma_crossover_long_window = 90
  ma_crossover_sector_relative_strength_min = -3.7741303513040476
  ma_crossover_yield_curve_spread_max = 0.4526281555382279
  atr_take_profit_multiplier = 4.087579761131225
  stop_loss_atr_multiplier = 2.0934344786843373
[I 2026-09-03 02:00:21,750] Trial 13 finished with value: 0.189 and parameters: {'ma_crossover_short_window': 11, 'ma_crossover_long_window': 90, 'ma_crossover_sector_relative_strength_min': -3.7741303513040476, 'ma_crossover_yield_curve_spread_max': 0.4526281555382279, 'ma_crossover_skew_regime_min': -19.938425748961407}. Best is trial 0 with value: 0.189.
Pinning every ma_crossover dimension except skew_regime_min to v71's live values:
  ma_crossover_short_window = 11
  ma_crossover_long_window = 90
  ma_crossover_sector_relative_strength_min = -3.7741303513040476
  ma_crossover_yield_curve_spread_max = 0.4526281555382279
  atr_take_profit_multiplier = 4.087579761131225
  stop_loss_atr_multiplier = 2.0934344786843373
Pinning every ma_crossover dimension except skew_regime_min to v71's live values:
  ma_crossover_short_window = 11
  ma_crossover_long_window = 90
  ma_crossover_sector_relative_strength_min = -3.7741303513040476
  ma_crossover_yield_curve_spread_max = 0.4526281555382279
  atr_take_profit_multiplier = 4.087579761131225
  stop_loss_atr_multiplier = 2.0934344786843373
Pinning every ma_crossover dimension except skew_regime_min to v71's live values:
  ma_crossover_short_window = 11
  ma_crossover_long_window = 90
  ma_crossover_sector_relative_strength_min = -3.7741303513040476
  ma_crossover_yield_curve_spread_max = 0.4526281555382279
  atr_take_profit_multiplier = 4.087579761131225
  stop_loss_atr_multiplier = 2.0934344786843373
Pinning every ma_crossover dimension except skew_regime_min to v71's live values:
  ma_crossover_short_window = 11
  ma_crossover_long_window = 90
  ma_crossover_sector_relative_strength_min = -3.7741303513040476
  ma_crossover_yield_curve_spread_max = 0.4526281555382279
  atr_take_profit_multiplier = 4.087579761131225
  stop_loss_atr_multiplier = 2.0934344786843373
Pinning every ma_crossover dimension except skew_regime_min to v71's live values:
  ma_crossover_short_window = 11
  ma_crossover_long_window = 90
  ma_crossover_sector_relative_strength_min = -3.7741303513040476
  ma_crossover_yield_curve_spread_max = 0.4526281555382279
  atr_take_profit_multiplier = 4.087579761131225
  stop_loss_atr_multiplier = 2.0934344786843373
Pinning every ma_crossover dimension except skew_regime_min to v71's live values:
  ma_crossover_short_window = 11
  ma_crossover_long_window = 90
  ma_crossover_sector_relative_strength_min = -3.7741303513040476
  ma_crossover_yield_curve_spread_max = 0.4526281555382279
  atr_take_profit_multiplier = 4.087579761131225
  stop_loss_atr_multiplier = 2.0934344786843373
