Pinning every ma_crossover dimension except skew_regime_min to v71's live values:
  ma_crossover_short_window = 11
  ma_crossover_long_window = 90
  ma_crossover_sector_relative_strength_min = -3.7741303513040476
  ma_crossover_yield_curve_spread_max = 0.4526281555382279
  atr_take_profit_multiplier = 4.087579761131225
  stop_loss_atr_multiplier = 2.0934344786843373
Pinning every ma_crossover dimension except skew_regime_min to v71's live values:
  ma_crossover_short_window = 11
  ma_crossover_long_window = 90
  ma_crossover_sector_relative_strength_min = -3.7741303513040476
  ma_crossover_yield_curve_spread_max = 0.4526281555382279
  atr_take_profit_multiplier = 4.087579761131225
  stop_loss_atr_multiplier = 2.0934344786843373
Pinning every ma_crossover dimension except skew_regime_min to v71's live values:
  ma_crossover_short_window = 11
  ma_crossover_long_window = 90
  ma_crossover_sector_relative_strength_min = -3.7741303513040476
  ma_crossover_yield_curve_spread_max = 0.4526281555382279
  atr_take_profit_multiplier = 4.087579761131225
  stop_loss_atr_multiplier = 2.0934344786843373
Pinning every ma_crossover dimension except skew_regime_min to v71's live values:
  ma_crossover_short_window = 11
  ma_crossover_long_window = 90
  ma_crossover_sector_relative_strength_min = -3.7741303513040476
  ma_crossover_yield_curve_spread_max = 0.4526281555382279
  atr_take_profit_multiplier = 4.087579761131225
  stop_loss_atr_multiplier = 2.0934344786843373
Pinning every ma_crossover dimension except skew_regime_min to v71's live values:
  ma_crossover_short_window = 11
  ma_crossover_long_window = 90
  ma_crossover_sector_relative_strength_min = -3.7741303513040476
  ma_crossover_yield_curve_spread_max = 0.4526281555382279
  atr_take_profit_multiplier = 4.087579761131225
  stop_loss_atr_multiplier = 2.0934344786843373
Pinning every ma_crossover dimension except skew_regime_min to v71's live values:
  ma_crossover_short_window = 11
  ma_crossover_long_window = 90
  ma_crossover_sector_relative_strength_min = -3.7741303513040476
  ma_crossover_yield_curve_spread_max = 0.4526281555382279
  atr_take_profit_multiplier = 4.087579761131225
  stop_loss_atr_multiplier = 2.0934344786843373
[I 2026-09-03 01:56:21,329] A new study created in memory with name: no-name-e8d7925c-7e0a-461a-8e91-033ebbaff84d
Pinning every ma_crossover dimension except skew_regime_min to v71's live values:
  ma_crossover_short_window = 11
  ma_crossover_long_window = 90
  ma_crossover_sector_relative_strength_min = -3.7741303513040476
  ma_crossover_yield_curve_spread_max = 0.4526281555382279
  atr_take_profit_multiplier = 4.087579761131225
  stop_loss_atr_multiplier = 2.0934344786843373
Pinning every ma_crossover dimension except skew_regime_min to v71's live values:
  ma_crossover_short_window = 11
  ma_crossover_long_window = 90
  ma_crossover_sector_relative_strength_min = -3.7741303513040476
  ma_crossover_yield_curve_spread_max = 0.4526281555382279
  atr_take_profit_multiplier = 4.087579761131225
  stop_loss_atr_multiplier = 2.0934344786843373
Pinning every ma_crossover dimension except skew_regime_min to v71's live values:
  ma_crossover_short_window = 11
  ma_crossover_long_window = 90
  ma_crossover_sector_relative_strength_min = -3.7741303513040476
  ma_crossover_yield_curve_spread_max = 0.4526281555382279
  atr_take_profit_multiplier = 4.087579761131225
  stop_loss_atr_multiplier = 2.0934344786843373
Pinning every ma_crossover dimension except skew_regime_min to v71's live values:
  ma_crossover_short_window = 11
  ma_crossover_long_window = 90
  ma_crossover_sector_relative_strength_min = -3.7741303513040476
  ma_crossover_yield_curve_spread_max = 0.4526281555382279
  atr_take_profit_multiplier = 4.087579761131225
  stop_loss_atr_multiplier = 2.0934344786843373
Pinning every ma_crossover dimension except skew_regime_min to v71's live values:
  ma_crossover_short_window = 11
  ma_crossover_long_window = 90
  ma_crossover_sector_relative_strength_min = -3.7741303513040476
  ma_crossover_yield_curve_spread_max = 0.4526281555382279
  atr_take_profit_multiplier = 4.087579761131225
  stop_loss_atr_multiplier = 2.0934344786843373
Pinning every ma_crossover dimension except skew_regime_min to v71's live values:
  ma_crossover_short_window = 11
  ma_crossover_long_window = 90
  ma_crossover_sector_relative_strength_min = -3.7741303513040476
  ma_crossover_yield_curve_spread_max = 0.4526281555382279
  atr_take_profit_multiplier = 4.087579761131225
  stop_loss_atr_multiplier = 2.0934344786843373
[I 2026-09-03 01:56:38,522] Trial 0 finished with value: 0.189 and parameters: {'ma_crossover_short_window': 11, 'ma_crossover_long_window': 90, 'ma_crossover_sector_relative_strength_min': -3.7741303513040476, 'ma_crossover_yield_curve_spread_max': 0.4526281555382279, 'ma_crossover_skew_regime_min': -23.67718373837978}. Best is trial 0 with value: 0.189.
Pinning every ma_crossover dimension except skew_regime_min to v71's live values:
  ma_crossover_short_window = 11
  ma_crossover_long_window = 90
  ma_crossover_sector_relative_strength_min = -3.7741303513040476
  ma_crossover_yield_curve_spread_max = 0.4526281555382279
  atr_take_profit_multiplier = 4.087579761131225
  stop_loss_atr_multiplier = 2.0934344786843373
Pinning every ma_crossover dimension except skew_regime_min to v71's live values:
  ma_crossover_short_window = 11
  ma_crossover_long_window = 90
  ma_crossover_sector_relative_strength_min = -3.7741303513040476
  ma_crossover_yield_curve_spread_max = 0.4526281555382279
  atr_take_profit_multiplier = 4.087579761131225
  stop_loss_atr_multiplier = 2.0934344786843373
Pinning every ma_crossover dimension except skew_regime_min to v71's live values:
  ma_crossover_short_window = 11
  ma_crossover_long_window = 90
  ma_crossover_sector_relative_strength_min = -3.7741303513040476
  ma_crossover_yield_curve_spread_max = 0.4526281555382279
  atr_take_profit_multiplier = 4.087579761131225
  stop_loss_atr_multiplier = 2.0934344786843373
Pinning every ma_crossover dimension except skew_regime_min to v71's live values:
  ma_crossover_short_window = 11
  ma_crossover_long_window = 90
  ma_crossover_sector_relative_strength_min = -3.7741303513040476
  ma_crossover_yield_curve_spread_max = 0.4526281555382279
  atr_take_profit_multiplier = 4.087579761131225
  stop_loss_atr_multiplier = 2.0934344786843373
Pinning every ma_crossover dimension except skew_regime_min to v71's live values:
  ma_crossover_short_window = 11
  ma_crossover_long_window = 90
  ma_crossover_sector_relative_strength_min = -3.7741303513040476
  ma_crossover_yield_curve_spread_max = 0.4526281555382279
  atr_take_profit_multiplier = 4.087579761131225
  stop_loss_atr_multiplier = 2.0934344786843373
Pinning every ma_crossover dimension except skew_regime_min to v71's live values:
  ma_crossover_short_window = 11
  ma_crossover_long_window = 90
  ma_crossover_sector_relative_strength_min = -3.7741303513040476
  ma_crossover_yield_curve_spread_max = 0.4526281555382279
  atr_take_profit_multiplier = 4.087579761131225
  stop_loss_atr_multiplier = 2.0934344786843373
[I 2026-09-03 01:56:55,482] Trial 1 finished with value: 0.034 and parameters: {'ma_crossover_short_window': 11, 'ma_crossover_long_window': 90, 'ma_crossover_sector_relative_strength_min': -3.7741303513040476, 'ma_crossover_yield_curve_spread_max': 0.4526281555382279, 'ma_crossover_skew_regime_min': -2.452084198210425}. Best is trial 0 with value: 0.189.
Pinning every ma_crossover dimension except skew_regime_min to v71's live values:
  ma_crossover_short_window = 11
  ma_crossover_long_window = 90
  ma_crossover_sector_relative_strength_min = -3.7741303513040476
  ma_crossover_yield_curve_spread_max = 0.4526281555382279
  atr_take_profit_multiplier = 4.087579761131225
  stop_loss_atr_multiplier = 2.0934344786843373
Pinning every ma_crossover dimension except skew_regime_min to v71's live values:
  ma_crossover_short_window = 11
  ma_crossover_long_window = 90
  ma_crossover_sector_relative_strength_min = -3.7741303513040476
  ma_crossover_yield_curve_spread_max = 0.4526281555382279
  atr_take_profit_multiplier = 4.087579761131225
  stop_loss_atr_multiplier = 2.0934344786843373
Pinning every ma_crossover dimension except skew_regime_min to v71's live values:
  ma_crossover_short_window = 11
  ma_crossover_long_window = 90
  ma_crossover_sector_relative_strength_min = -3.7741303513040476
  ma_crossover_yield_curve_spread_max = 0.4526281555382279
  atr_take_profit_multiplier = 4.087579761131225
  stop_loss_atr_multiplier = 2.0934344786843373
Pinning every ma_crossover dimension except skew_regime_min to v71's live values:
  ma_crossover_short_window = 11
  ma_crossover_long_window = 90
  ma_crossover_sector_relative_strength_min = -3.7741303513040476
  ma_crossover_yield_curve_spread_max = 0.4526281555382279
  atr_take_profit_multiplier = 4.087579761131225
  stop_loss_atr_multiplier = 2.0934344786843373
Pinning every ma_crossover dimension except skew_regime_min to v71's live values:
  ma_crossover_short_window = 11
  ma_crossover_long_window = 90
  ma_crossover_sector_relative_strength_min = -3.7741303513040476
  ma_crossover_yield_curve_spread_max = 0.4526281555382279
  atr_take_profit_multiplier = 4.087579761131225
  stop_loss_atr_multiplier = 2.0934344786843373
Pinning every ma_crossover dimension except skew_regime_min to v71's live values:
  ma_crossover_short_window = 11
  ma_crossover_long_window = 90
  ma_crossover_sector_relative_strength_min = -3.7741303513040476
  ma_crossover_yield_curve_spread_max = 0.4526281555382279
  atr_take_profit_multiplier = 4.087579761131225
  stop_loss_atr_multiplier = 2.0934344786843373
[I 2026-09-03 01:57:12,746] Trial 2 finished with value: 0.189 and parameters: {'ma_crossover_short_window': 11, 'ma_crossover_long_window': 90, 'ma_crossover_sector_relative_strength_min': -3.7741303513040476, 'ma_crossover_yield_curve_spread_max': 0.4526281555382279, 'ma_crossover_skew_regime_min': -24.965224606638472}. Best is trial 0 with value: 0.189.
Pinning every ma_crossover dimension except skew_regime_min to v71's live values:
  ma_crossover_short_window = 11
  ma_crossover_long_window = 90
  ma_crossover_sector_relative_strength_min = -3.7741303513040476
  ma_crossover_yield_curve_spread_max = 0.4526281555382279
  atr_take_profit_multiplier = 4.087579761131225
  stop_loss_atr_multiplier = 2.0934344786843373
Pinning every ma_crossover dimension except skew_regime_min to v71's live values:
  ma_crossover_short_window = 11
  ma_crossover_long_window = 90
  ma_crossover_sector_relative_strength_min = -3.7741303513040476
  ma_crossover_yield_curve_spread_max = 0.4526281555382279
  atr_take_profit_multiplier = 4.087579761131225
  stop_loss_atr_multiplier = 2.0934344786843373
Pinning every ma_crossover dimension except skew_regime_min to v71's live values:
  ma_crossover_short_window = 11
  ma_crossover_long_window = 90
  ma_crossover_sector_relative_strength_min = -3.7741303513040476
  ma_crossover_yield_curve_spread_max = 0.4526281555382279
  atr_take_profit_multiplier = 4.087579761131225
  stop_loss_atr_multiplier = 2.0934344786843373
Pinning every ma_crossover dimension except skew_regime_min to v71's live values:
  ma_crossover_short_window = 11
  ma_crossover_long_window = 90
  ma_crossover_sector_relative_strength_min = -3.7741303513040476
  ma_crossover_yield_curve_spread_max = 0.4526281555382279
  atr_take_profit_multiplier = 4.087579761131225
  stop_loss_atr_multiplier = 2.0934344786843373
Pinning every ma_crossover dimension except skew_regime_min to v71's live values:
  ma_crossover_short_window = 11
  ma_crossover_long_window = 90
  ma_crossover_sector_relative_strength_min = -3.7741303513040476
  ma_crossover_yield_curve_spread_max = 0.4526281555382279
  atr_take_profit_multiplier = 4.087579761131225
  stop_loss_atr_multiplier = 2.0934344786843373
Pinning every ma_crossover dimension except skew_regime_min to v71's live values:
  ma_crossover_short_window = 11
  ma_crossover_long_window = 90
  ma_crossover_sector_relative_strength_min = -3.7741303513040476
  ma_crossover_yield_curve_spread_max = 0.4526281555382279
  atr_take_profit_multiplier = 4.087579761131225
  stop_loss_atr_multiplier = 2.0934344786843373
[I 2026-09-03 01:57:29,985] Trial 3 finished with value: 0.164 and parameters: {'ma_crossover_short_window': 11, 'ma_crossover_long_window': 90, 'ma_crossover_sector_relative_strength_min': -3.7741303513040476, 'ma_crossover_yield_curve_spread_max': 0.4526281555382279, 'ma_crossover_skew_regime_min': -14.843138968002258}. Best is trial 0 with value: 0.189.
Pinning every ma_crossover dimension except skew_regime_min to v71's live values:
  ma_crossover_short_window = 11
  ma_crossover_long_window = 90
  ma_crossover_sector_relative_strength_min = -3.7741303513040476
  ma_crossover_yield_curve_spread_max = 0.4526281555382279
  atr_take_profit_multiplier = 4.087579761131225
  stop_loss_atr_multiplier = 2.0934344786843373
Pinning every ma_crossover dimension except skew_regime_min to v71's live values:
  ma_crossover_short_window = 11
  ma_crossover_long_window = 90
  ma_crossover_sector_relative_strength_min = -3.7741303513040476
  ma_crossover_yield_curve_spread_max = 0.4526281555382279
  atr_take_profit_multiplier = 4.087579761131225
  stop_loss_atr_multiplier = 2.0934344786843373
Pinning every ma_crossover dimension except skew_regime_min to v71's live values:
  ma_crossover_short_window = 11
  ma_crossover_long_window = 90
  ma_crossover_sector_relative_strength_min = -3.7741303513040476
  ma_crossover_yield_curve_spread_max = 0.4526281555382279
  atr_take_profit_multiplier = 4.087579761131225
  stop_loss_atr_multiplier = 2.0934344786843373
Pinning every ma_crossover dimension except skew_regime_min to v71's live values:
  ma_crossover_short_window = 11
  ma_crossover_long_window = 90
  ma_crossover_sector_relative_strength_min = -3.7741303513040476
  ma_crossover_yield_curve_spread_max = 0.4526281555382279
  atr_take_profit_multiplier = 4.087579761131225
  stop_loss_atr_multiplier = 2.0934344786843373
Pinning every ma_crossover dimension except skew_regime_min to v71's live values:
  ma_crossover_short_window = 11
  ma_crossover_long_window = 90
  ma_crossover_sector_relative_strength_min = -3.7741303513040476
  ma_crossover_yield_curve_spread_max = 0.4526281555382279
  atr_take_profit_multiplier = 4.087579761131225
  stop_loss_atr_multiplier = 2.0934344786843373
Pinning every ma_crossover dimension except skew_regime_min to v71's live values:
  ma_crossover_short_window = 11
  ma_crossover_long_window = 90
  ma_crossover_sector_relative_strength_min = -3.7741303513040476
  ma_crossover_yield_curve_spread_max = 0.4526281555382279
  atr_take_profit_multiplier = 4.087579761131225
  stop_loss_atr_multiplier = 2.0934344786843373
[I 2026-09-03 01:57:47,276] Trial 4 finished with value: 0.189 and parameters: {'ma_crossover_short_window': 11, 'ma_crossover_long_window': 90, 'ma_crossover_sector_relative_strength_min': -3.7741303513040476, 'ma_crossover_yield_curve_spread_max': 0.4526281555382279, 'ma_crossover_skew_regime_min': -28.31995488948489}. Best is trial 0 with value: 0.189.
Pinning every ma_crossover dimension except skew_regime_min to v71's live values:
  ma_crossover_short_window = 11
  ma_crossover_long_window = 90
  ma_crossover_sector_relative_strength_min = -3.7741303513040476
  ma_crossover_yield_curve_spread_max = 0.4526281555382279
  atr_take_profit_multiplier = 4.087579761131225
  stop_loss_atr_multiplier = 2.0934344786843373
Pinning every ma_crossover dimension except skew_regime_min to v71's live values:
  ma_crossover_short_window = 11
  ma_crossover_long_window = 90
  ma_crossover_sector_relative_strength_min = -3.7741303513040476
  ma_crossover_yield_curve_spread_max = 0.4526281555382279
  atr_take_profit_multiplier = 4.087579761131225
  stop_loss_atr_multiplier = 2.0934344786843373
Pinning every ma_crossover dimension except skew_regime_min to v71's live values:
  ma_crossover_short_window = 11
  ma_crossover_long_window = 90
  ma_crossover_sector_relative_strength_min = -3.7741303513040476
  ma_crossover_yield_curve_spread_max = 0.4526281555382279
  atr_take_profit_multiplier = 4.087579761131225
  stop_loss_atr_multiplier = 2.0934344786843373
Pinning every ma_crossover dimension except skew_regime_min to v71's live values:
  ma_crossover_short_window = 11
  ma_crossover_long_window = 90
  ma_crossover_sector_relative_strength_min = -3.7741303513040476
  ma_crossover_yield_curve_spread_max = 0.4526281555382279
  atr_take_profit_multiplier = 4.087579761131225
  stop_loss_atr_multiplier = 2.0934344786843373
Pinning every ma_crossover dimension except skew_regime_min to v71's live values:
  ma_crossover_short_window = 11
  ma_crossover_long_window = 90
  ma_crossover_sector_relative_strength_min = -3.7741303513040476
  ma_crossover_yield_curve_spread_max = 0.4526281555382279
  atr_take_profit_multiplier = 4.087579761131225
  stop_loss_atr_multiplier = 2.0934344786843373
Pinning every ma_crossover dimension except skew_regime_min to v71's live values:
  ma_crossover_short_window = 11
  ma_crossover_long_window = 90
  ma_crossover_sector_relative_strength_min = -3.7741303513040476
  ma_crossover_yield_curve_spread_max = 0.4526281555382279
  atr_take_profit_multiplier = 4.087579761131225
  stop_loss_atr_multiplier = 2.0934344786843373
[I 2026-09-03 01:58:04,469] Trial 5 finished with value: 0.189 and parameters: {'ma_crossover_short_window': 11, 'ma_crossover_long_window': 90, 'ma_crossover_sector_relative_strength_min': -3.7741303513040476, 'ma_crossover_yield_curve_spread_max': 0.4526281555382279, 'ma_crossover_skew_regime_min': -24.2184384686863}. Best is trial 0 with value: 0.189.
Pinning every ma_crossover dimension except skew_regime_min to v71's live values:
  ma_crossover_short_window = 11
  ma_crossover_long_window = 90
  ma_crossover_sector_relative_strength_min = -3.7741303513040476
  ma_crossover_yield_curve_spread_max = 0.4526281555382279
  atr_take_profit_multiplier = 4.087579761131225
  stop_loss_atr_multiplier = 2.0934344786843373
Pinning every ma_crossover dimension except skew_regime_min to v71's live values:
  ma_crossover_short_window = 11
  ma_crossover_long_window = 90
  ma_crossover_sector_relative_strength_min = -3.7741303513040476
  ma_crossover_yield_curve_spread_max = 0.4526281555382279
  atr_take_profit_multiplier = 4.087579761131225
  stop_loss_atr_multiplier = 2.0934344786843373
Pinning every ma_crossover dimension except skew_regime_min to v71's live values:
  ma_crossover_short_window = 11
  ma_crossover_long_window = 90
  ma_crossover_sector_relative_strength_min = -3.7741303513040476
  ma_crossover_yield_curve_spread_max = 0.4526281555382279
  atr_take_profit_multiplier = 4.087579761131225
  stop_loss_atr_multiplier = 2.0934344786843373
Pinning every ma_crossover dimension except skew_regime_min to v71's live values:
  ma_crossover_short_window = 11
  ma_crossover_long_window = 90
  ma_crossover_sector_relative_strength_min = -3.7741303513040476
  ma_crossover_yield_curve_spread_max = 0.4526281555382279
  atr_take_profit_multiplier = 4.087579761131225
  stop_loss_atr_multiplier = 2.0934344786843373
Pinning every ma_crossover dimension except skew_regime_min to v71's live values:
  ma_crossover_short_window = 11
  ma_crossover_long_window = 90
  ma_crossover_sector_relative_strength_min = -3.7741303513040476
  ma_crossover_yield_curve_spread_max = 0.4526281555382279
  atr_take_profit_multiplier = 4.087579761131225
  stop_loss_atr_multiplier = 2.0934344786843373
Pinning every ma_crossover dimension except skew_regime_min to v71's live values:
  ma_crossover_short_window = 11
  ma_crossover_long_window = 90
  ma_crossover_sector_relative_strength_min = -3.7741303513040476
  ma_crossover_yield_curve_spread_max = 0.4526281555382279
  atr_take_profit_multiplier = 4.087579761131225
  stop_loss_atr_multiplier = 2.0934344786843373
