[I 2026-09-03 02:00:38,968] Trial 14 finished with value: -10.0 and parameters: {'ma_crossover_short_window': 11, 'ma_crossover_long_window': 90, 'ma_crossover_sector_relative_strength_min': -3.7741303513040476, 'ma_crossover_yield_curve_spread_max': 0.4526281555382279, 'ma_crossover_skew_regime_min': 4.513653481794906}. Best is trial 0 with value: 0.189.
Pinning every ma_crossover dimension except skew_regime_min to v71's live values:
  ma_crossover_short_window = 11
  ma_crossover_long_window = 90
  ma_crossover_sector_relative_strength_min = -3.7741303513040476
  ma_crossover_yield_curve_spread_max = 0.4526281555382279
  atr_take_profit_multiplier = 4.087579761131225
  stop_loss_atr_multiplier = 2.0934344786843373
Pinning every ma_crossover dimension except skew_regime_min to v71's live values:
  ma_crossover_short_window = 11
  ma_crossover_long_window = 90
  ma_crossover_sector_relative_strength_min = -3.7741303513040476
  ma_crossover_yield_curve_spread_max = 0.4526281555382279
  atr_take_profit_multiplier = 4.087579761131225
  stop_loss_atr_multiplier = 2.0934344786843373
Pinning every ma_crossover dimension except skew_regime_min to v71's live values:
  ma_crossover_short_window = 11
  ma_crossover_long_window = 90
  ma_crossover_sector_relative_strength_min = -3.7741303513040476
  ma_crossover_yield_curve_spread_max = 0.4526281555382279
  atr_take_profit_multiplier = 4.087579761131225
  stop_loss_atr_multiplier = 2.0934344786843373
Pinning every ma_crossover dimension except skew_regime_min to v71's live values:
  ma_crossover_short_window = 11
  ma_crossover_long_window = 90
  ma_crossover_sector_relative_strength_min = -3.7741303513040476
  ma_crossover_yield_curve_spread_max = 0.4526281555382279
  atr_take_profit_multiplier = 4.087579761131225
  stop_loss_atr_multiplier = 2.0934344786843373
Pinning every ma_crossover dimension except skew_regime_min to v71's live values:
  ma_crossover_short_window = 11
  ma_crossover_long_window = 90
  ma_crossover_sector_relative_strength_min = -3.7741303513040476
  ma_crossover_yield_curve_spread_max = 0.4526281555382279
  atr_take_profit_multiplier = 4.087579761131225
  stop_loss_atr_multiplier = 2.0934344786843373
Pinning every ma_crossover dimension except skew_regime_min to v71's live values:
  ma_crossover_short_window = 11
  ma_crossover_long_window = 90
  ma_crossover_sector_relative_strength_min = -3.7741303513040476
  ma_crossover_yield_curve_spread_max = 0.4526281555382279
  atr_take_profit_multiplier = 4.087579761131225
  stop_loss_atr_multiplier = 2.0934344786843373
[I 2026-09-03 02:00:56,316] Trial 15 finished with value: 0.164 and parameters: {'ma_crossover_short_window': 11, 'ma_crossover_long_window': 90, 'ma_crossover_sector_relative_strength_min': -3.7741303513040476, 'ma_crossover_yield_curve_spread_max': 0.4526281555382279, 'ma_crossover_skew_regime_min': -17.98467754020567}. Best is trial 0 with value: 0.189.
Pinning every ma_crossover dimension except skew_regime_min to v71's live values:
  ma_crossover_short_window = 11
  ma_crossover_long_window = 90
  ma_crossover_sector_relative_strength_min = -3.7741303513040476
  ma_crossover_yield_curve_spread_max = 0.4526281555382279
  atr_take_profit_multiplier = 4.087579761131225
  stop_loss_atr_multiplier = 2.0934344786843373
Pinning every ma_crossover dimension except skew_regime_min to v71's live values:
  ma_crossover_short_window = 11
  ma_crossover_long_window = 90
  ma_crossover_sector_relative_strength_min = -3.7741303513040476
  ma_crossover_yield_curve_spread_max = 0.4526281555382279
  atr_take_profit_multiplier = 4.087579761131225
  stop_loss_atr_multiplier = 2.0934344786843373
Pinning every ma_crossover dimension except skew_regime_min to v71's live values:
  ma_crossover_short_window = 11
  ma_crossover_long_window = 90
  ma_crossover_sector_relative_strength_min = -3.7741303513040476
  ma_crossover_yield_curve_spread_max = 0.4526281555382279
  atr_take_profit_multiplier = 4.087579761131225
  stop_loss_atr_multiplier = 2.0934344786843373
Pinning every ma_crossover dimension except skew_regime_min to v71's live values:
  ma_crossover_short_window = 11
  ma_crossover_long_window = 90
  ma_crossover_sector_relative_strength_min = -3.7741303513040476
  ma_crossover_yield_curve_spread_max = 0.4526281555382279
  atr_take_profit_multiplier = 4.087579761131225
  stop_loss_atr_multiplier = 2.0934344786843373
Pinning every ma_crossover dimension except skew_regime_min to v71's live values:
  ma_crossover_short_window = 11
  ma_crossover_long_window = 90
  ma_crossover_sector_relative_strength_min = -3.7741303513040476
  ma_crossover_yield_curve_spread_max = 0.4526281555382279
  atr_take_profit_multiplier = 4.087579761131225
  stop_loss_atr_multiplier = 2.0934344786843373
Pinning every ma_crossover dimension except skew_regime_min to v71's live values:
  ma_crossover_short_window = 11
  ma_crossover_long_window = 90
  ma_crossover_sector_relative_strength_min = -3.7741303513040476
  ma_crossover_yield_curve_spread_max = 0.4526281555382279
  atr_take_profit_multiplier = 4.087579761131225
  stop_loss_atr_multiplier = 2.0934344786843373
[I 2026-09-03 02:01:13,424] Trial 16 finished with value: 0.189 and parameters: {'ma_crossover_short_window': 11, 'ma_crossover_long_window': 90, 'ma_crossover_sector_relative_strength_min': -3.7741303513040476, 'ma_crossover_yield_curve_spread_max': 0.4526281555382279, 'ma_crossover_skew_regime_min': -27.409798602795078}. Best is trial 0 with value: 0.189.
Pinning every ma_crossover dimension except skew_regime_min to v71's live values:
  ma_crossover_short_window = 11
  ma_crossover_long_window = 90
  ma_crossover_sector_relative_strength_min = -3.7741303513040476
  ma_crossover_yield_curve_spread_max = 0.4526281555382279
  atr_take_profit_multiplier = 4.087579761131225
  stop_loss_atr_multiplier = 2.0934344786843373
Pinning every ma_crossover dimension except skew_regime_min to v71's live values:
  ma_crossover_short_window = 11
  ma_crossover_long_window = 90
  ma_crossover_sector_relative_strength_min = -3.7741303513040476
  ma_crossover_yield_curve_spread_max = 0.4526281555382279
  atr_take_profit_multiplier = 4.087579761131225
  stop_loss_atr_multiplier = 2.0934344786843373
Pinning every ma_crossover dimension except skew_regime_min to v71's live values:
  ma_crossover_short_window = 11
  ma_crossover_long_window = 90
  ma_crossover_sector_relative_strength_min = -3.7741303513040476
  ma_crossover_yield_curve_spread_max = 0.4526281555382279
  atr_take_profit_multiplier = 4.087579761131225
  stop_loss_atr_multiplier = 2.0934344786843373
Pinning every ma_crossover dimension except skew_regime_min to v71's live values:
  ma_crossover_short_window = 11
  ma_crossover_long_window = 90
  ma_crossover_sector_relative_strength_min = -3.7741303513040476
  ma_crossover_yield_curve_spread_max = 0.4526281555382279
  atr_take_profit_multiplier = 4.087579761131225
  stop_loss_atr_multiplier = 2.0934344786843373
Pinning every ma_crossover dimension except skew_regime_min to v71's live values:
  ma_crossover_short_window = 11
  ma_crossover_long_window = 90
  ma_crossover_sector_relative_strength_min = -3.7741303513040476
  ma_crossover_yield_curve_spread_max = 0.4526281555382279
  atr_take_profit_multiplier = 4.087579761131225
  stop_loss_atr_multiplier = 2.0934344786843373
Pinning every ma_crossover dimension except skew_regime_min to v71's live values:
  ma_crossover_short_window = 11
  ma_crossover_long_window = 90
  ma_crossover_sector_relative_strength_min = -3.7741303513040476
  ma_crossover_yield_curve_spread_max = 0.4526281555382279
  atr_take_profit_multiplier = 4.087579761131225
  stop_loss_atr_multiplier = 2.0934344786843373
[I 2026-09-03 02:01:30,348] Trial 17 finished with value: 0.189 and parameters: {'ma_crossover_short_window': 11, 'ma_crossover_long_window': 90, 'ma_crossover_sector_relative_strength_min': -3.7741303513040476, 'ma_crossover_yield_curve_spread_max': 0.4526281555382279, 'ma_crossover_skew_regime_min': -22.359874802470422}. Best is trial 0 with value: 0.189.
Pinning every ma_crossover dimension except skew_regime_min to v71's live values:
  ma_crossover_short_window = 11
  ma_crossover_long_window = 90
  ma_crossover_sector_relative_strength_min = -3.7741303513040476
  ma_crossover_yield_curve_spread_max = 0.4526281555382279
  atr_take_profit_multiplier = 4.087579761131225
  stop_loss_atr_multiplier = 2.0934344786843373
Pinning every ma_crossover dimension except skew_regime_min to v71's live values:
  ma_crossover_short_window = 11
  ma_crossover_long_window = 90
  ma_crossover_sector_relative_strength_min = -3.7741303513040476
  ma_crossover_yield_curve_spread_max = 0.4526281555382279
  atr_take_profit_multiplier = 4.087579761131225
  stop_loss_atr_multiplier = 2.0934344786843373
Pinning every ma_crossover dimension except skew_regime_min to v71's live values:
  ma_crossover_short_window = 11
  ma_crossover_long_window = 90
  ma_crossover_sector_relative_strength_min = -3.7741303513040476
  ma_crossover_yield_curve_spread_max = 0.4526281555382279
  atr_take_profit_multiplier = 4.087579761131225
  stop_loss_atr_multiplier = 2.0934344786843373
Pinning every ma_crossover dimension except skew_regime_min to v71's live values:
  ma_crossover_short_window = 11
  ma_crossover_long_window = 90
  ma_crossover_sector_relative_strength_min = -3.7741303513040476
  ma_crossover_yield_curve_spread_max = 0.4526281555382279
  atr_take_profit_multiplier = 4.087579761131225
  stop_loss_atr_multiplier = 2.0934344786843373
Pinning every ma_crossover dimension except skew_regime_min to v71's live values:
  ma_crossover_short_window = 11
  ma_crossover_long_window = 90
  ma_crossover_sector_relative_strength_min = -3.7741303513040476
  ma_crossover_yield_curve_spread_max = 0.4526281555382279
  atr_take_profit_multiplier = 4.087579761131225
  stop_loss_atr_multiplier = 2.0934344786843373
Pinning every ma_crossover dimension except skew_regime_min to v71's live values:
  ma_crossover_short_window = 11
  ma_crossover_long_window = 90
  ma_crossover_sector_relative_strength_min = -3.7741303513040476
  ma_crossover_yield_curve_spread_max = 0.4526281555382279
  atr_take_profit_multiplier = 4.087579761131225
  stop_loss_atr_multiplier = 2.0934344786843373
[I 2026-09-03 02:01:47,742] Trial 18 finished with value: -10.0 and parameters: {'ma_crossover_short_window': 11, 'ma_crossover_long_window': 90, 'ma_crossover_sector_relative_strength_min': -3.7741303513040476, 'ma_crossover_yield_curve_spread_max': 0.4526281555382279, 'ma_crossover_skew_regime_min': 10.467145359856133}. Best is trial 0 with value: 0.189.
Pinning every ma_crossover dimension except skew_regime_min to v71's live values:
  ma_crossover_short_window = 11
  ma_crossover_long_window = 90
  ma_crossover_sector_relative_strength_min = -3.7741303513040476
  ma_crossover_yield_curve_spread_max = 0.4526281555382279
  atr_take_profit_multiplier = 4.087579761131225
  stop_loss_atr_multiplier = 2.0934344786843373
Pinning every ma_crossover dimension except skew_regime_min to v71's live values:
  ma_crossover_short_window = 11
  ma_crossover_long_window = 90
  ma_crossover_sector_relative_strength_min = -3.7741303513040476
  ma_crossover_yield_curve_spread_max = 0.4526281555382279
  atr_take_profit_multiplier = 4.087579761131225
  stop_loss_atr_multiplier = 2.0934344786843373
Pinning every ma_crossover dimension except skew_regime_min to v71's live values:
  ma_crossover_short_window = 11
  ma_crossover_long_window = 90
  ma_crossover_sector_relative_strength_min = -3.7741303513040476
  ma_crossover_yield_curve_spread_max = 0.4526281555382279
  atr_take_profit_multiplier = 4.087579761131225
  stop_loss_atr_multiplier = 2.0934344786843373
Pinning every ma_crossover dimension except skew_regime_min to v71's live values:
  ma_crossover_short_window = 11
  ma_crossover_long_window = 90
  ma_crossover_sector_relative_strength_min = -3.7741303513040476
  ma_crossover_yield_curve_spread_max = 0.4526281555382279
  atr_take_profit_multiplier = 4.087579761131225
  stop_loss_atr_multiplier = 2.0934344786843373
Pinning every ma_crossover dimension except skew_regime_min to v71's live values:
  ma_crossover_short_window = 11
  ma_crossover_long_window = 90
  ma_crossover_sector_relative_strength_min = -3.7741303513040476
  ma_crossover_yield_curve_spread_max = 0.4526281555382279
  atr_take_profit_multiplier = 4.087579761131225
  stop_loss_atr_multiplier = 2.0934344786843373
Pinning every ma_crossover dimension except skew_regime_min to v71's live values:
  ma_crossover_short_window = 11
  ma_crossover_long_window = 90
  ma_crossover_sector_relative_strength_min = -3.7741303513040476
  ma_crossover_yield_curve_spread_max = 0.4526281555382279
  atr_take_profit_multiplier = 4.087579761131225
  stop_loss_atr_multiplier = 2.0934344786843373
