[I 2026-09-03 01:34:59,106] A new study created in memory with name: no-name-f31c6210-ff22-43c5-83f4-ab0761da578b
[I 2026-09-03 01:35:15,661] Trial 0 finished with value: 0.087 and parameters: {'stop_loss_atr_multiplier': 1.3960403403904926, 'atr_take_profit_multiplier': 2.7836151151921413, 'ma_crossover_short_window': 11, 'ma_crossover_long_window': 62, 'ma_crossover_sector_relative_strength_min': -2.328364249576815, 'ma_crossover_yield_curve_spread_max': 3.0885349203675068, 'ma_crossover_skew_regime_min': -19.099501634288675}. Best is trial 0 with value: 0.087.
[I 2026-09-03 01:35:32,154] Trial 1 finished with value: -10.0 and parameters: {'stop_loss_atr_multiplier': 0.8257227575019206, 'atr_take_profit_multiplier': 1.7130160246428838, 'ma_crossover_short_window': 7, 'ma_crossover_long_window': 79, 'ma_crossover_sector_relative_strength_min': -21.41326135607266, 'ma_crossover_yield_curve_spread_max': 0.8114298309479908, 'ma_crossover_skew_regime_min': 7.841168330023649}. Best is trial 0 with value: 0.087.
[I 2026-09-03 01:35:48,534] Trial 2 finished with value: -10.0 and parameters: {'stop_loss_atr_multiplier': 1.9597277407127482, 'atr_take_profit_multiplier': 4.175883098442059, 'ma_crossover_short_window': 27, 'ma_crossover_long_window': 86, 'ma_crossover_sector_relative_strength_min': -30.37039422374035, 'ma_crossover_yield_curve_spread_max': -2.2540425164773312, 'ma_crossover_skew_regime_min': -15.10059451898494}. Best is trial 0 with value: 0.087.
[I 2026-09-03 01:36:05,588] Trial 3 finished with value: -10.0 and parameters: {'stop_loss_atr_multiplier': 1.8125605542030483, 'atr_take_profit_multiplier': 4.897412941469914, 'ma_crossover_short_window': 22, 'ma_crossover_long_window': 59, 'ma_crossover_sector_relative_strength_min': -43.68255106783043, 'ma_crossover_yield_curve_spread_max': 3.2172818855565115, 'ma_crossover_skew_regime_min': 19.226760447339373}. Best is trial 0 with value: 0.087.
[I 2026-09-03 01:36:25,958] Trial 4 finished with value: 0.086 and parameters: {'stop_loss_atr_multiplier': 2.4750748817749386, 'atr_take_profit_multiplier': 4.314335278492607, 'ma_crossover_short_window': 6, 'ma_crossover_long_window': 50, 'ma_crossover_sector_relative_strength_min': -12.56488735654878, 'ma_crossover_yield_curve_spread_max': 4.188252995135759, 'ma_crossover_skew_regime_min': -15.115694039224705}. Best is trial 0 with value: 0.087.
[I 2026-09-03 01:36:43,571] Trial 5 finished with value: -10.0 and parameters: {'stop_loss_atr_multiplier': 1.3376894217556732, 'atr_take_profit_multiplier': 3.4117295138038464, 'ma_crossover_short_window': 9, 'ma_crossover_long_window': 40, 'ma_crossover_sector_relative_strength_min': 8.57837249888587, 'ma_crossover_yield_curve_spread_max': -2.5793417679026778, 'ma_crossover_skew_regime_min': 1.4832088590328745}. Best is trial 0 with value: 0.087.
[I 2026-09-03 01:37:01,644] Trial 6 finished with value: -10.0 and parameters: {'stop_loss_atr_multiplier': 1.1498538760276509, 'atr_take_profit_multiplier': 2.0306487766105903, 'ma_crossover_short_window': 27, 'ma_crossover_long_window': 71, 'ma_crossover_sector_relative_strength_min': -10.80469225721594, 'ma_crossover_yield_curve_spread_max': 3.0753299423737257, 'ma_crossover_skew_regime_min': 14.020403662247318}. Best is trial 0 with value: 0.087.
[I 2026-09-03 01:37:19,681] Trial 7 finished with value: -10.0 and parameters: {'stop_loss_atr_multiplier': 0.7714332903884544, 'atr_take_profit_multiplier': 1.555120974079391, 'ma_crossover_short_window': 25, 'ma_crossover_long_window': 52, 'ma_crossover_sector_relative_strength_min': -16.771015557686354, 'ma_crossover_yield_curve_spread_max': -1.9565446905142085, 'ma_crossover_skew_regime_min': -9.927984180634631}. Best is trial 0 with value: 0.087.
[I 2026-09-03 01:37:37,806] Trial 8 finished with value: -10.0 and parameters: {'stop_loss_atr_multiplier': 1.6409947972962715, 'atr_take_profit_multiplier': 3.84505724715155, 'ma_crossover_short_window': 8, 'ma_crossover_long_window': 55, 'ma_crossover_sector_relative_strength_min': -38.469202887361, 'ma_crossover_yield_curve_spread_max': 0.2733210784201745, 'ma_crossover_skew_regime_min': 19.561495367180783}. Best is trial 0 with value: 0.087.
[I 2026-09-03 01:37:56,317] Trial 9 finished with value: 0.021 and parameters: {'stop_loss_atr_multiplier': 1.2693077043909429, 'atr_take_profit_multiplier': 4.815806597359575, 'ma_crossover_short_window': 16, 'ma_crossover_long_window': 33, 'ma_crossover_sector_relative_strength_min': -1.972354397670827, 'ma_crossover_yield_curve_spread_max': 4.589025157865639, 'ma_crossover_skew_regime_min': -4.476141690306768}. Best is trial 0 with value: 0.087.
[I 2026-09-03 01:38:14,301] Trial 10 finished with value: -10.0 and parameters: {'stop_loss_atr_multiplier': 0.522127017717029, 'atr_take_profit_multiplier': 1.0286130697463443, 'ma_crossover_short_window': 17, 'ma_crossover_long_window': 99, 'ma_crossover_sector_relative_strength_min': 11.110595867075533, 'ma_crossover_yield_curve_spread_max': 0.7038702710477751, 'ma_crossover_skew_regime_min': -29.029265769493726}. Best is trial 0 with value: 0.087.
[I 2026-09-03 01:38:32,774] Trial 11 finished with value: 0.146 and parameters: {'stop_loss_atr_multiplier': 2.379585442505893, 'atr_take_profit_multiplier': 4.548138798679916, 'ma_crossover_short_window': 13, 'ma_crossover_long_window': 66, 'ma_crossover_sector_relative_strength_min': -4.566753488668543, 'ma_crossover_yield_curve_spread_max': 4.71603463220428, 'ma_crossover_skew_regime_min': -20.992842726724742}. Best is trial 11 with value: 0.146.
[I 2026-09-03 01:38:51,462] Trial 12 finished with value: 0.127 and parameters: {'stop_loss_atr_multiplier': 2.495519053384028, 'atr_take_profit_multiplier': 4.641940323383642, 'ma_crossover_short_window': 13, 'ma_crossover_long_window': 67, 'ma_crossover_sector_relative_strength_min': -0.6682041674106536, 'ma_crossover_yield_curve_spread_max': 2.3582932680035316, 'ma_crossover_skew_regime_min': -27.87021822722651}. Best is trial 11 with value: 0.146.
[I 2026-09-03 01:39:10,153] Trial 13 finished with value: -10.0 and parameters: {'stop_loss_atr_multiplier': 2.4757296071054493, 'atr_take_profit_multiplier': 4.5493658609797025, 'ma_crossover_short_window': 15, 'ma_crossover_long_window': 70, 'ma_crossover_sector_relative_strength_min': 0.6565361744499785, 'ma_crossover_yield_curve_spread_max': 1.8807728212362949, 'ma_crossover_skew_regime_min': -27.796203700987625}. Best is trial 11 with value: 0.146.
[I 2026-09-03 01:39:27,262] Trial 14 finished with value: -10.0 and parameters: {'stop_loss_atr_multiplier': 2.167733661895095, 'atr_take_profit_multiplier': 4.65126803472483, 'ma_crossover_short_window': 13, 'ma_crossover_long_window': 84, 'ma_crossover_sector_relative_strength_min': 2.8579634747646985, 'ma_crossover_yield_curve_spread_max': 4.9307645355732515, 'ma_crossover_skew_regime_min': -21.730894114014482}. Best is trial 11 with value: 0.146.
[I 2026-09-03 01:39:43,510] Trial 15 finished with value: -10.0 and parameters: {'stop_loss_atr_multiplier': 2.2083431628095083, 'atr_take_profit_multiplier': 4.46766735281738, 'ma_crossover_short_window': 20, 'ma_crossover_long_window': 69, 'ma_crossover_sector_relative_strength_min': 14.352383382688846, 'ma_crossover_yield_curve_spread_max': 1.8391765484548896, 'ma_crossover_skew_regime_min': -23.56923630301091}. Best is trial 11 with value: 0.146.
[I 2026-09-03 01:40:00,146] Trial 16 finished with value: -0.016 and parameters: {'stop_loss_atr_multiplier': 2.22424422470234, 'atr_take_profit_multiplier': 4.713808248418795, 'ma_crossover_short_window': 12, 'ma_crossover_long_window': 44, 'ma_crossover_sector_relative_strength_min': -7.031374822113751, 'ma_crossover_yield_curve_spread_max': 1.9372757315758737, 'ma_crossover_skew_regime_min': -29.908900992498427}. Best is trial 11 with value: 0.146.
[I 2026-09-03 01:40:16,815] Trial 17 finished with value: 0.102 and parameters: {'stop_loss_atr_multiplier': 2.0353889342431564, 'atr_take_profit_multiplier': 4.989856923027177, 'ma_crossover_short_window': 18, 'ma_crossover_long_window': 98, 'ma_crossover_sector_relative_strength_min': -26.689926151675223, 'ma_crossover_yield_curve_spread_max': 3.8530551006946503, 'ma_crossover_skew_regime_min': -9.878834840715761}. Best is trial 11 with value: 0.146.
[I 2026-09-03 01:40:33,423] Trial 18 finished with value: -10.0 and parameters: {'stop_loss_atr_multiplier': 2.493768362116077, 'atr_take_profit_multiplier': 4.450101473529475, 'ma_crossover_short_window': 14, 'ma_crossover_long_window': 65, 'ma_crossover_sector_relative_strength_min': 5.488579172707466, 'ma_crossover_yield_curve_spread_max': -0.9261761891135984, 'ma_crossover_skew_regime_min': -24.139592814058137}. Best is trial 11 with value: 0.146.
[I 2026-09-03 01:40:50,003] Trial 19 finished with value: 0.12 and parameters: {'stop_loss_atr_multiplier': 1.6898278366736341, 'atr_take_profit_multiplier': 4.0541342342629, 'ma_crossover_short_window': 10, 'ma_crossover_long_window': 77, 'ma_crossover_sector_relative_strength_min': -5.4140086765314654, 'ma_crossover_yield_curve_spread_max': 2.4897164611579763, 'ma_crossover_skew_regime_min': -17.13489994095117}. Best is trial 11 with value: 0.146.
Fetching history for 407 ticker(s) + SPY, 2025-09-03..2026-09-03 (once, reused across all 20 trials)...
Fetching 11 sector ETF(s) for Sector_Relative_Strength...
Fetching FRED T10Y2Y yield-curve spread for Yield_Curve_Spread...
Fetching CBOE SKEW Index (^SKEW) for Skew_Regime_Diff...
Fetched 407/407 ticker(s).
Generated 6 walk-forward fold(s).
Ticker holdout split (seed=42, frac=0.25): 305 tune / 102 holdout. Holdout tickers never seen during tuning: ['ACN', 'ADI', 'ADM', 'AFL', 'ALL', 'AON', 'ARM', 'ATD.TO', 'AWK', 'BIIB', 'BKR', 'BLK', 'CCL', 'CFG', 'CL', 'CMI', 'COIN', 'COP', 'CPAY', 'CSCO', 'CSX', 'DASH', 'DE', 'DGX', 'DHI', 'DHR', 'DLR', 'DOCU', 'DOW', 'DTE', 'EMR', 'EW', 'EXC', 'EXPE', 'EXR', 'FOXA', 'GM', 'GOOG', 'GPN', 'GRMN', 'HAL', 'HST', 'IBM', 'IDXX', 'IR', 'ISRG', 'KHC', 'KKR', 'L.TO', 'LEN', 'LHX', 'LIN', 'LITE', 'LLY', 'LMT', 'LVS', 'MAR', 'MCHP', 'MCK', 'MCO', 'MDB', 'MDT', 'MPWR', 'MSCI', 'MSFT', 'MSTR', 'MTB', 'MTCH', 'NEM', 'NKE', 'NTR.TO', 'ODFL', 'OKTA', 'PCAR', 'PEP', 'PG', 'PLD', 'PSA', 'PSX', 'PYPL', 'QRVO', 'SLB', 'SNDK', 'SRE', 'SYK', 'T', 'TD.TO', 'TDG', 'TEAM', 'TEL', 'TGT', 'U', 'V', 'VRTX', 'WAB', 'WBD', 'WEC', 'WM', 'WY', 'XEL', 'XYZ', 'ZM']
Using up to 8 CPU core(s) for walk-forward parallelization (--max-workers to change; 12 available).

Baseline (DEFAULT_CONFIG, strategy=ma_crossover) pooled out-of-sample metrics on TUNE tickers (recency-weighted, half-life=180d): {'trade_count': 240, 'effective_trade_count': 206.9, 'win_rate': 27.46, 'avg_pnl_pct': -0.46, 'pnl_std': 4.84, 'sharpe_like': -0.096, 'trades_per_year': 512.6, 'annualized_sharpe_like': -2.174, 'k_ratio': 0.741}
Live Trade_Outcomes so far (every signal, all tiers): 1066 -- pooled metrics: {'trade_count': 1066, 'open_count': 0, 'win_count': 266, 'loss_count': 796, 'expired_count': 4, 'win_rate': 24.95, 'avg_pnl_pct': 0.33, 'total_pnl_pct': 348.94, 'pnl_std': 6.72, 'sharpe_like': 0.049, 'trades_per_year': None, 'annualized_sharpe_like': None, 'k_ratio': None}
  Actionable tier (Strong Buy/Buy) only: 593 -- pooled metrics: {'trade_count': 593, 'open_count': 0, 'win_count': 165, 'loss_count': 426, 'expired_count': 2, 'win_rate': 27.82, 'avg_pnl_pct': 1.46, 'total_pnl_pct': 864.97, 'pnl_std': 7.83, 'sharpe_like': 0.186, 'trades_per_year': None, 'annualized_sharpe_like': None, 'k_ratio': None}
    ...of which CONFIRMED real fills: 3 -- pooled metrics: {'trade_count': 3, 'open_count': 0, 'win_count': 0, 'loss_count': 3, 'expired_count': 0, 'win_rate': 0.0, 'avg_pnl_pct': -3.79, 'total_pnl_pct': -11.38, 'pnl_std': 2.15, 'sharpe_like': -1.767, 'trades_per_year': None, 'annualized_sharpe_like': None, 'k_ratio': None}
  Research tier (Watch, never traded/tradeable) only: 397 -- pooled metrics: {'trade_count': 397, 'open_count': 0, 'win_count': 69, 'loss_count': 328, 'expired_count': 0, 'win_rate': 17.38, 'avg_pnl_pct': -1.45, 'total_pnl_pct': -575.58, 'pnl_std': 4.31, 'sharpe_like': -0.336, 'trades_per_year': None, 'annualized_sharpe_like': None, 'k_ratio': None}
  Research_loosened tier (active config scored Ignore, loosened config didn't, never traded/tradeable) only: 76 -- pooled metrics: {'trade_count': 76, 'open_count': 0, 'win_count': 32, 'loss_count': 42, 'expired_count': 2, 'win_rate': 42.11, 'avg_pnl_pct': 0.78, 'total_pnl_pct': 59.55, 'pnl_std': 5.68, 'sharpe_like': 0.138, 'trades_per_year': None, 'annualized_sharpe_like': None, 'k_ratio': None}. Reflects the loosened config, NOT the active one -- a sanity check on whether loosening is worth considering, not a report card on v19 itself.

Best trial #11: score(sharpe_like or penalty)=0.1460  (annualized_sharpe~3.116, win_rate=14.3%)
  params: {'stop_loss_atr_multiplier': 2.379585442505893, 'atr_take_profit_multiplier': 4.548138798679916, 'ma_crossover_short_window': 13, 'ma_crossover_long_window': 66, 'ma_crossover_sector_relative_strength_min': -4.566753488668543, 'ma_crossover_yield_curve_spread_max': 4.71603463220428, 'ma_crossover_skew_regime_min': -20.992842726724742}
  metrics (TUNE tickers): {'trade_count': 207, 'effective_trade_count': 178.3, 'win_rate': 14.31, 'avg_pnl_pct': 1.63, 'pnl_std': 11.15, 'sharpe_like': 0.146, 'trades_per_year': 455.5, 'annualized_sharpe_like': 3.116, 'k_ratio': 15.346}

=== Deflated Sharpe Ratio (selection-bias correction, 8 scored trial(s) this search, sharpe_std=0.0552) ===
  Search-level DSR: 82.5% confidence this beats what 8 trials would produce by chance alone (zero real skill).
  Project-wide DSR: 57.2% confidence using 73 (every candidate System_Config ever written across this whole project) as N -- a much more conservative, whole-project view, reusing this search's own sharpe_std as the best available proxy (not a rigorous full-history recomputation -- no per-trial Sharpe is stored from past searches).
  Caveat: assumes independent trials -- Optuna's TPE sampler deliberately exploits promising regions, so real trials are somewhat correlated, making this a real but imperfect approximation. Also assumes normal returns (skewness=0, kurtosis=3) -- the true correction would need the winning trial's raw per-trade return distribution, not just its summarized metrics.

=== RRR-vs-scoring-ceiling check (can this config's Buy tier ever fire -- or fire too easily?) ===
  BASELINE  (DEFAULT_CONFIG): RRR=2.0, best-case Trade_Score=66.67 vs signal_buy_threshold=60 -- OK, reachable; RRR alone=33.33 vs signal_watch_threshold=40 -- OK, discriminating
  CANDIDATE (winning trial):  RRR=1.91, best-case Trade_Score=65.17 vs signal_buy_threshold=60 -- OK, reachable; RRR alone=31.83 vs signal_watch_threshold=40 -- OK, discriminating

=== Ticker-universe holdout validation (102 tickers Optuna never saw) ===
  baseline (DEFAULT_CONFIG, strategy=ma_crossover) on holdout: {'trade_count': 81, 'effective_trade_count': 73.9, 'win_rate': 32.68, 'avg_pnl_pct': 0.1, 'pnl_std': 4.42, 'sharpe_like': 0.022, 'trades_per_year': 173.0, 'annualized_sharpe_like': 0.289, 'k_ratio': 5.059}
  candidate (winning trial) on holdout: {'trade_count': 73, 'effective_trade_count': 70.0, 'win_rate': 21.95, 'avg_pnl_pct': 1.08, 'pnl_std': 7.64, 'sharpe_like': 0.141, 'trades_per_year': 170.9, 'annualized_sharpe_like': 1.843, 'k_ratio': 9.687}
  LIVE (active v71) on holdout: {'trade_count': 36, 'effective_trade_count': 34.6, 'win_rate': 18.41, 'avg_pnl_pct': 0.35, 'pnl_std': 6.61, 'sharpe_like': 0.053, 'trades_per_year': 185.2, 'annualized_sharpe_like': 0.721, 'k_ratio': 3.378}
  Candidate (0.141) beats what's actually live (active v71, 0.053) on holdout -- the decision-relevant comparison, not just vs DEFAULT_CONFIG.

=== Real-vs-random ratio check (single window, same methodology as benchmark_random_entry.py) ===
Isolates whether tuning found genuinely better TIMING or just a payoff-bracket shape that inflates ANY entry's return, real or random -- watch the GAP (REAL sharpe_like minus RANDOM sharpe_like), not the raw REAL number alone.
  BASELINE  (ma_crossover, DEFAULT_CONFIG): REAL sharpe_like=-0.049 vs RANDOM sharpe_like=-0.039  (gap=-0.010000000000000002)
  CANDIDATE (ma_crossover, winning trial):  REAL sharpe_like=0.129 vs RANDOM sharpe_like=-0.043  (gap=0.172)
  Candidate's real-vs-random GAP (0.1720) improved on baseline's (-0.0100) -- a real, if modest, sign the tuning found genuine timing value, not just a reshaped payoff bracket.

Wrote candidate System_Config version=74 (status=candidate, NOT active).
Review it, then run: python promote_config.py --promote 74
