[I 2026-09-03 00:54:41,862] A new study created in memory with name: no-name-9a4e28a5-2f14-4c4c-ba4e-044cfe0a59c9
[I 2026-09-03 00:54:44,703] Trial 0 finished with value: -10.0 and parameters: {'stop_loss_atr_multiplier': 0.5615623273253854, 'atr_take_profit_multiplier': 1.8556355995984033, 'ma_crossover_short_window': 5, 'ma_crossover_long_window': 89, 'ma_crossover_sector_relative_strength_min': -40.8798012868413, 'ma_crossover_yield_curve_spread_max': 3.9923488862579255, 'ma_crossover_skew_regime_min': 1.9361975009744548}. Best is trial 0 with value: -10.0.
[I 2026-09-03 00:54:47,711] Trial 1 finished with value: -10.0 and parameters: {'stop_loss_atr_multiplier': 1.778258349359926, 'atr_take_profit_multiplier': 3.7413543738936266, 'ma_crossover_short_window': 9, 'ma_crossover_long_window': 98, 'ma_crossover_sector_relative_strength_min': 5.993137598073417, 'ma_crossover_yield_curve_spread_max': 0.08533636710295678, 'ma_crossover_skew_regime_min': 3.3695518865921628}. Best is trial 0 with value: -10.0.
[I 2026-09-03 00:54:50,830] Trial 2 finished with value: -10.0 and parameters: {'stop_loss_atr_multiplier': 1.0780925364542144, 'atr_take_profit_multiplier': 4.024399162811228, 'ma_crossover_short_window': 17, 'ma_crossover_long_window': 89, 'ma_crossover_sector_relative_strength_min': 6.527548415451498, 'ma_crossover_yield_curve_spread_max': -2.1181386038030796, 'ma_crossover_skew_regime_min': -0.9650998033549314}. Best is trial 0 with value: -10.0.
[I 2026-09-03 00:54:53,900] Trial 3 finished with value: -10.0 and parameters: {'stop_loss_atr_multiplier': 1.6760317646325875, 'atr_take_profit_multiplier': 4.4293114583843, 'ma_crossover_short_window': 24, 'ma_crossover_long_window': 84, 'ma_crossover_sector_relative_strength_min': -44.87383272280993, 'ma_crossover_yield_curve_spread_max': 0.45910067530306975, 'ma_crossover_skew_regime_min': -5.762892699448859}. Best is trial 0 with value: -10.0.
[I 2026-09-03 00:54:56,811] Trial 4 finished with value: -10.0 and parameters: {'stop_loss_atr_multiplier': 1.3272606989728803, 'atr_take_profit_multiplier': 3.429224184133467, 'ma_crossover_short_window': 23, 'ma_crossover_long_window': 71, 'ma_crossover_sector_relative_strength_min': -28.252688702673094, 'ma_crossover_yield_curve_spread_max': 0.4899675621580819, 'ma_crossover_skew_regime_min': 15.951745085790392}. Best is trial 0 with value: -10.0.
Fetching history for 5 ticker(s) + SPY, 2025-09-03..2026-09-03 (once, reused across all 5 trials)...
Fetching 3 sector ETF(s) for Sector_Relative_Strength...
Fetching FRED T10Y2Y yield-curve spread for Yield_Curve_Spread...
Fetching CBOE SKEW Index (^SKEW) for Skew_Regime_Diff...
Fetched 5/5 ticker(s).
Generated 6 walk-forward fold(s).
Ticker holdout split (seed=42, frac=0.25): 4 tune / 1 holdout. Holdout tickers never seen during tuning: ['MSFT']
Using up to 8 CPU core(s) for walk-forward parallelization (--max-workers to change; 12 available).

Baseline (DEFAULT_CONFIG, strategy=ma_crossover) pooled out-of-sample metrics on TUNE tickers (recency-weighted, half-life=180d): {'trade_count': 8, 'effective_trade_count': 7.7, 'win_rate': 25.24, 'avg_pnl_pct': -0.82, 'pnl_std': 3.49, 'sharpe_like': -0.234, 'trades_per_year': 19.0, 'annualized_sharpe_like': -1.019, 'k_ratio': -0.544}
Live Trade_Outcomes so far (every signal, all tiers): 1066 -- pooled metrics: {'trade_count': 1066, 'open_count': 0, 'win_count': 266, 'loss_count': 796, 'expired_count': 4, 'win_rate': 24.95, 'avg_pnl_pct': 0.33, 'total_pnl_pct': 348.94, 'pnl_std': 6.72, 'sharpe_like': 0.049, 'trades_per_year': None, 'annualized_sharpe_like': None, 'k_ratio': None}
  Actionable tier (Strong Buy/Buy) only: 593 -- pooled metrics: {'trade_count': 593, 'open_count': 0, 'win_count': 165, 'loss_count': 426, 'expired_count': 2, 'win_rate': 27.82, 'avg_pnl_pct': 1.46, 'total_pnl_pct': 864.97, 'pnl_std': 7.83, 'sharpe_like': 0.186, 'trades_per_year': None, 'annualized_sharpe_like': None, 'k_ratio': None}
    ...of which CONFIRMED real fills: 3 -- pooled metrics: {'trade_count': 3, 'open_count': 0, 'win_count': 0, 'loss_count': 3, 'expired_count': 0, 'win_rate': 0.0, 'avg_pnl_pct': -3.79, 'total_pnl_pct': -11.38, 'pnl_std': 2.15, 'sharpe_like': -1.767, 'trades_per_year': None, 'annualized_sharpe_like': None, 'k_ratio': None}
  Research tier (Watch, never traded/tradeable) only: 397 -- pooled metrics: {'trade_count': 397, 'open_count': 0, 'win_count': 69, 'loss_count': 328, 'expired_count': 0, 'win_rate': 17.38, 'avg_pnl_pct': -1.45, 'total_pnl_pct': -575.58, 'pnl_std': 4.31, 'sharpe_like': -0.336, 'trades_per_year': None, 'annualized_sharpe_like': None, 'k_ratio': None}
  Research_loosened tier (active config scored Ignore, loosened config didn't, never traded/tradeable) only: 76 -- pooled metrics: {'trade_count': 76, 'open_count': 0, 'win_count': 32, 'loss_count': 42, 'expired_count': 2, 'win_rate': 42.11, 'avg_pnl_pct': 0.78, 'total_pnl_pct': 59.55, 'pnl_std': 5.68, 'sharpe_like': 0.138, 'trades_per_year': None, 'annualized_sharpe_like': None, 'k_ratio': None}. Reflects the loosened config, NOT the active one -- a sanity check on whether loosening is worth considering, not a report card on v19 itself.

Best trial #0: score(sharpe_like or penalty)=-10.0000  (annualized_sharpe~-85.158, win_rate=0.0%)
  params: {'stop_loss_atr_multiplier': 0.5615623273253854, 'atr_take_profit_multiplier': 1.8556355995984033, 'ma_crossover_short_window': 5, 'ma_crossover_long_window': 89, 'ma_crossover_sector_relative_strength_min': -40.8798012868413, 'ma_crossover_yield_curve_spread_max': 3.9923488862579255, 'ma_crossover_skew_regime_min': 1.9361975009744548}
  metrics (TUNE tickers): {'trade_count': 2, 'effective_trade_count': 2.0, 'win_rate': 0.0, 'avg_pnl_pct': -2.24, 'pnl_std': 0.19, 'sharpe_like': -11.789, 'trades_per_year': 52.2, 'annualized_sharpe_like': -85.158, 'k_ratio': None}

[WARN] Even the best trial was under-sampled or had no valid sharpe_like -- not writing a candidate. Try a wider date range, more tickers, or a longer in-sample window.
