[I 2026-09-03 01:13:29,161] A new study created in memory with name: no-name-eec8c69c-b714-49a0-8ffc-8ad7ba054d96
[I 2026-09-03 01:13:45,358] Trial 0 finished with value: -10.0 and parameters: {'stop_loss_atr_multiplier': 2.027883425595459, 'atr_take_profit_multiplier': 4.727739824108407, 'ma_crossover_short_window': 18, 'ma_crossover_long_window': 87, 'ma_crossover_sector_relative_strength_min': -18.22826104245875, 'ma_crossover_yield_curve_spread_max': -2.050912989046921, 'ma_crossover_skew_regime_min': 10.677250772422731}. Best is trial 0 with value: -10.0.
[I 2026-09-03 01:14:01,567] Trial 1 finished with value: -10.0 and parameters: {'stop_loss_atr_multiplier': 0.7254277279997365, 'atr_take_profit_multiplier': 2.272840608200392, 'ma_crossover_short_window': 16, 'ma_crossover_long_window': 44, 'ma_crossover_sector_relative_strength_min': -18.33201317561978, 'ma_crossover_yield_curve_spread_max': 3.772345269328433, 'ma_crossover_skew_regime_min': 16.14498573733426}. Best is trial 0 with value: -10.0.
[I 2026-09-03 01:14:17,871] Trial 2 finished with value: -10.0 and parameters: {'stop_loss_atr_multiplier': 2.1539838068887507, 'atr_take_profit_multiplier': 3.9146634127807256, 'ma_crossover_short_window': 7, 'ma_crossover_long_window': 48, 'ma_crossover_sector_relative_strength_min': -3.5674810751296704, 'ma_crossover_yield_curve_spread_max': -2.5983934876751746, 'ma_crossover_skew_regime_min': -18.330674236195144}. Best is trial 0 with value: -10.0.
[I 2026-09-03 01:14:34,507] Trial 3 finished with value: 0.048 and parameters: {'stop_loss_atr_multiplier': 0.6128119182536258, 'atr_take_profit_multiplier': 1.142698092159616, 'ma_crossover_short_window': 11, 'ma_crossover_long_window': 96, 'ma_crossover_sector_relative_strength_min': -39.38197072425598, 'ma_crossover_yield_curve_spread_max': 3.504328723901919, 'ma_crossover_skew_regime_min': -16.14994438950736}. Best is trial 3 with value: 0.048.
[I 2026-09-03 01:14:51,103] Trial 4 finished with value: 0.049 and parameters: {'stop_loss_atr_multiplier': 2.0137515782891717, 'atr_take_profit_multiplier': 4.500814939966366, 'ma_crossover_short_window': 9, 'ma_crossover_long_window': 85, 'ma_crossover_sector_relative_strength_min': -12.698940661585503, 'ma_crossover_yield_curve_spread_max': 4.74913956973955, 'ma_crossover_skew_regime_min': -7.6932596340127795}. Best is trial 4 with value: 0.049.
[I 2026-09-03 01:15:06,906] Trial 5 finished with value: -10.0 and parameters: {'stop_loss_atr_multiplier': 1.9307807786305875, 'atr_take_profit_multiplier': 4.7994244755463455, 'ma_crossover_short_window': 9, 'ma_crossover_long_window': 33, 'ma_crossover_sector_relative_strength_min': -32.136576876647005, 'ma_crossover_yield_curve_spread_max': -1.9662145373662892, 'ma_crossover_skew_regime_min': 4.532651371503839}. Best is trial 4 with value: 0.049.
[I 2026-09-03 01:15:22,829] Trial 6 finished with value: -10.0 and parameters: {'stop_loss_atr_multiplier': 2.20395242651038, 'atr_take_profit_multiplier': 3.556097816541377, 'ma_crossover_short_window': 20, 'ma_crossover_long_window': 64, 'ma_crossover_sector_relative_strength_min': -43.26167364706389, 'ma_crossover_yield_curve_spread_max': -1.0368754890716119, 'ma_crossover_skew_regime_min': -14.604412743220026}. Best is trial 4 with value: 0.049.
[I 2026-09-03 01:15:38,844] Trial 7 finished with value: -10.0 and parameters: {'stop_loss_atr_multiplier': 2.314306563277398, 'atr_take_profit_multiplier': 3.918694420239696, 'ma_crossover_short_window': 17, 'ma_crossover_long_window': 86, 'ma_crossover_sector_relative_strength_min': -10.758211209331918, 'ma_crossover_yield_curve_spread_max': 1.4888805994751362, 'ma_crossover_skew_regime_min': 3.9055343164139487}. Best is trial 4 with value: 0.049.
[I 2026-09-03 01:15:54,979] Trial 8 finished with value: -10.0 and parameters: {'stop_loss_atr_multiplier': 1.1126451992267987, 'atr_take_profit_multiplier': 2.673051072848621, 'ma_crossover_short_window': 14, 'ma_crossover_long_window': 73, 'ma_crossover_sector_relative_strength_min': -28.943923008151145, 'ma_crossover_yield_curve_spread_max': 0.18690482385782214, 'ma_crossover_skew_regime_min': -8.554199862996576}. Best is trial 4 with value: 0.049.
[I 2026-09-03 01:16:11,103] Trial 9 finished with value: -10.0 and parameters: {'stop_loss_atr_multiplier': 1.4275698260452048, 'atr_take_profit_multiplier': 2.609666150437167, 'ma_crossover_short_window': 20, 'ma_crossover_long_window': 66, 'ma_crossover_sector_relative_strength_min': -29.136259191015014, 'ma_crossover_yield_curve_spread_max': 0.15607161363983657, 'ma_crossover_skew_regime_min': -19.526156649123184}. Best is trial 4 with value: 0.049.
[I 2026-09-03 01:16:27,502] Trial 10 finished with value: -10.0 and parameters: {'stop_loss_atr_multiplier': 1.566936271873359, 'atr_take_profit_multiplier': 4.4086324779387045, 'ma_crossover_short_window': 29, 'ma_crossover_long_window': 99, 'ma_crossover_sector_relative_strength_min': 12.676585775302474, 'ma_crossover_yield_curve_spread_max': 2.841053956785652, 'ma_crossover_skew_regime_min': -29.709831549228465}. Best is trial 4 with value: 0.049.
[I 2026-09-03 01:16:44,041] Trial 11 finished with value: -0.156 and parameters: {'stop_loss_atr_multiplier': 0.8865610532329764, 'atr_take_profit_multiplier': 1.4193242908480697, 'ma_crossover_short_window': 10, 'ma_crossover_long_window': 98, 'ma_crossover_sector_relative_strength_min': -48.52332575745981, 'ma_crossover_yield_curve_spread_max': 4.772670691592654, 'ma_crossover_skew_regime_min': -8.23936859739221}. Best is trial 4 with value: 0.049.
[I 2026-09-03 01:16:59,950] Trial 12 finished with value: -10.0 and parameters: {'stop_loss_atr_multiplier': 0.5405361028497977, 'atr_take_profit_multiplier': 1.0120268634564633, 'ma_crossover_short_window': 12, 'ma_crossover_long_window': 84, 'ma_crossover_sector_relative_strength_min': 3.876172571890315, 'ma_crossover_yield_curve_spread_max': 4.727714545726293, 'ma_crossover_skew_regime_min': -6.318869772517554}. Best is trial 4 with value: 0.049.
[I 2026-09-03 01:17:16,414] Trial 13 finished with value: 0.072 and parameters: {'stop_loss_atr_multiplier': 1.5636084101984362, 'atr_take_profit_multiplier': 3.4260986759106635, 'ma_crossover_short_window': 5, 'ma_crossover_long_window': 76, 'ma_crossover_sector_relative_strength_min': -36.8286061411585, 'ma_crossover_yield_curve_spread_max': 2.38817890350696, 'ma_crossover_skew_regime_min': -26.410618966905286}. Best is trial 13 with value: 0.072.
[I 2026-09-03 01:17:32,691] Trial 14 finished with value: 0.062 and parameters: {'stop_loss_atr_multiplier': 1.679476664293181, 'atr_take_profit_multiplier': 4.286772650966918, 'ma_crossover_short_window': 5, 'ma_crossover_long_window': 77, 'ma_crossover_sector_relative_strength_min': -14.625372774942807, 'ma_crossover_yield_curve_spread_max': 2.1304167951875193, 'ma_crossover_skew_regime_min': -29.65989111713259}. Best is trial 13 with value: 0.072.
[I 2026-09-03 01:17:49,112] Trial 15 finished with value: 0.024 and parameters: {'stop_loss_atr_multiplier': 1.5906501716352104, 'atr_take_profit_multiplier': 3.5411602638662942, 'ma_crossover_short_window': 5, 'ma_crossover_long_window': 70, 'ma_crossover_sector_relative_strength_min': -35.756428212398056, 'ma_crossover_yield_curve_spread_max': 1.8430538891624304, 'ma_crossover_skew_regime_min': -28.75432750490805}. Best is trial 13 with value: 0.072.
[I 2026-09-03 01:18:05,572] Trial 16 finished with value: 0.085 and parameters: {'stop_loss_atr_multiplier': 1.7399466347389332, 'atr_take_profit_multiplier': 4.049576823739231, 'ma_crossover_short_window': 5, 'ma_crossover_long_window': 76, 'ma_crossover_sector_relative_strength_min': -23.93681712188767, 'ma_crossover_yield_curve_spread_max': 1.8417554847764863, 'ma_crossover_skew_regime_min': -23.908052641274335}. Best is trial 16 with value: 0.085.
[I 2026-09-03 01:18:22,016] Trial 17 finished with value: -0.015 and parameters: {'stop_loss_atr_multiplier': 1.298775746165955, 'atr_take_profit_multiplier': 3.2547503608688504, 'ma_crossover_short_window': 5, 'ma_crossover_long_window': 59, 'ma_crossover_sector_relative_strength_min': -24.311516109537692, 'ma_crossover_yield_curve_spread_max': 0.7105288655692936, 'ma_crossover_skew_regime_min': -23.96509369706405}. Best is trial 16 with value: 0.085.
[I 2026-09-03 01:18:38,312] Trial 18 finished with value: 0.105 and parameters: {'stop_loss_atr_multiplier': 1.8126217070188952, 'atr_take_profit_multiplier': 4.039352494828281, 'ma_crossover_short_window': 27, 'ma_crossover_long_window': 57, 'ma_crossover_sector_relative_strength_min': -24.242663983319368, 'ma_crossover_yield_curve_spread_max': 2.960466247616701, 'ma_crossover_skew_regime_min': -22.54288642213522}. Best is trial 18 with value: 0.105.
[I 2026-09-03 01:18:54,791] Trial 19 finished with value: 0.038 and parameters: {'stop_loss_atr_multiplier': 2.4380931149611182, 'atr_take_profit_multiplier': 4.184446088506189, 'ma_crossover_short_window': 30, 'ma_crossover_long_window': 55, 'ma_crossover_sector_relative_strength_min': -22.12934321888664, 'ma_crossover_yield_curve_spread_max': 3.2207916957059286, 'ma_crossover_skew_regime_min': -21.65677207559362}. Best is trial 18 with value: 0.105.
Fetching history for 407 ticker(s) + SPY, 2025-09-03..2026-09-03 (once, reused across all 20 trials)...
Fetching 11 sector ETF(s) for Sector_Relative_Strength...
Fetching FRED T10Y2Y yield-curve spread for Yield_Curve_Spread...
Fetching CBOE SKEW Index (^SKEW) for Skew_Regime_Diff...
Fetched 407/407 ticker(s).
Generated 6 walk-forward fold(s).
Ticker holdout split (seed=42, frac=0.25): 305 tune / 102 holdout. Holdout tickers never seen during tuning: ['ACN', 'ADI', 'ADM', 'AFL', 'ALL', 'AON', 'ARM', 'ATD.TO', 'AWK', 'BIIB', 'BKR', 'BLK', 'CCL', 'CFG', 'CL', 'CMI', 'COIN', 'COP', 'CPAY', 'CSCO', 'CSX', 'DASH', 'DE', 'DGX', 'DHI', 'DHR', 'DLR', 'DOCU', 'DOW', 'DTE', 'EMR', 'EW', 'EXC', 'EXPE', 'EXR', 'FOXA', 'GM', 'GOOG', 'GPN', 'GRMN', 'HAL', 'HST', 'IBM', 'IDXX', 'IR', 'ISRG', 'KHC', 'KKR', 'L.TO', 'LEN', 'LHX', 'LIN', 'LITE', 'LLY', 'LMT', 'LVS', 'MAR', 'MCHP', 'MCK', 'MCO', 'MDB', 'MDT', 'MPWR', 'MSCI', 'MSFT', 'MSTR', 'MTB', 'MTCH', 'NEM', 'NKE', 'NTR.TO', 'ODFL', 'OKTA', 'PCAR', 'PEP', 'PG', 'PLD', 'PSA', 'PSX', 'PYPL', 'QRVO', 'SLB', 'SNDK', 'SRE', 'SYK', 'T', 'TD.TO', 'TDG', 'TEAM', 'TEL', 'TGT', 'U', 'V', 'VRTX', 'WAB', 'WBD', 'WEC', 'WM', 'WY', 'XEL', 'XYZ', 'ZM']
Using up to 8 CPU core(s) for walk-forward parallelization (--max-workers to change; 12 available).

Baseline (DEFAULT_CONFIG, strategy=ma_crossover) pooled out-of-sample metrics on TUNE tickers (recency-weighted, half-life=180d): {'trade_count': 240, 'effective_trade_count': 206.9, 'win_rate': 27.46, 'avg_pnl_pct': -0.46, 'pnl_std': 4.84, 'sharpe_like': -0.096, 'trades_per_year': 512.6, 'annualized_sharpe_like': -2.174, 'k_ratio': 0.741}
Live Trade_Outcomes so far (every signal, all tiers): 1066 -- pooled metrics: {'trade_count': 1066, 'open_count': 0, 'win_count': 266, 'loss_count': 796, 'expired_count': 4, 'win_rate': 24.95, 'avg_pnl_pct': 0.33, 'total_pnl_pct': 348.94, 'pnl_std': 6.72, 'sharpe_like': 0.049, 'trades_per_year': None, 'annualized_sharpe_like': None, 'k_ratio': None}
  Actionable tier (Strong Buy/Buy) only: 593 -- pooled metrics: {'trade_count': 593, 'open_count': 0, 'win_count': 165, 'loss_count': 426, 'expired_count': 2, 'win_rate': 27.82, 'avg_pnl_pct': 1.46, 'total_pnl_pct': 864.97, 'pnl_std': 7.83, 'sharpe_like': 0.186, 'trades_per_year': None, 'annualized_sharpe_like': None, 'k_ratio': None}
    ...of which CONFIRMED real fills: 3 -- pooled metrics: {'trade_count': 3, 'open_count': 0, 'win_count': 0, 'loss_count': 3, 'expired_count': 0, 'win_rate': 0.0, 'avg_pnl_pct': -3.79, 'total_pnl_pct': -11.38, 'pnl_std': 2.15, 'sharpe_like': -1.767, 'trades_per_year': None, 'annualized_sharpe_like': None, 'k_ratio': None}
  Research tier (Watch, never traded/tradeable) only: 397 -- pooled metrics: {'trade_count': 397, 'open_count': 0, 'win_count': 69, 'loss_count': 328, 'expired_count': 0, 'win_rate': 17.38, 'avg_pnl_pct': -1.45, 'total_pnl_pct': -575.58, 'pnl_std': 4.31, 'sharpe_like': -0.336, 'trades_per_year': None, 'annualized_sharpe_like': None, 'k_ratio': None}
  Research_loosened tier (active config scored Ignore, loosened config didn't, never traded/tradeable) only: 76 -- pooled metrics: {'trade_count': 76, 'open_count': 0, 'win_count': 32, 'loss_count': 42, 'expired_count': 2, 'win_rate': 42.11, 'avg_pnl_pct': 0.78, 'total_pnl_pct': 59.55, 'pnl_std': 5.68, 'sharpe_like': 0.138, 'trades_per_year': None, 'annualized_sharpe_like': None, 'k_ratio': None}. Reflects the loosened config, NOT the active one -- a sanity check on whether loosening is worth considering, not a report card on v19 itself.

Best trial #18: score(sharpe_like or penalty)=0.1050  (annualized_sharpe~2.145, win_rate=19.6%)
  params: {'stop_loss_atr_multiplier': 1.8126217070188952, 'atr_take_profit_multiplier': 4.039352494828281, 'ma_crossover_short_window': 27, 'ma_crossover_long_window': 57, 'ma_crossover_sector_relative_strength_min': -24.242663983319368, 'ma_crossover_yield_curve_spread_max': 2.960466247616701, 'ma_crossover_skew_regime_min': -22.54288642213522}
  metrics (TUNE tickers): {'trade_count': 200, 'effective_trade_count': 174.2, 'win_rate': 19.63, 'avg_pnl_pct': 0.86, 'pnl_std': 8.14, 'sharpe_like': 0.105, 'trades_per_year': 417.4, 'annualized_sharpe_like': 2.145, 'k_ratio': 11.55}

=== Deflated Sharpe Ratio (selection-bias correction, 10 scored trial(s) this search, sharpe_std=0.0737) ===
  Search-level DSR: 43.9% confidence this beats what 10 trials would produce by chance alone (zero real skill).
  Project-wide DSR: 15.3% confidence using 72 (every candidate System_Config ever written across this whole project) as N -- a much more conservative, whole-project view, reusing this search's own sharpe_std as the best available proxy (not a rigorous full-history recomputation -- no per-trial Sharpe is stored from past searches).
  Caveat: assumes independent trials -- Optuna's TPE sampler deliberately exploits promising regions, so real trials are somewhat correlated, making this a real but imperfect approximation. Also assumes normal returns (skewness=0, kurtosis=3) -- the true correction would need the winning trial's raw per-trade return distribution, not just its summarized metrics.

=== RRR-vs-scoring-ceiling check (can this config's Buy tier ever fire -- or fire too easily?) ===
  BASELINE  (DEFAULT_CONFIG): RRR=2.0, best-case Trade_Score=66.67 vs signal_buy_threshold=60 -- OK, reachable; RRR alone=33.33 vs signal_watch_threshold=40 -- OK, discriminating
  CANDIDATE (winning trial):  RRR=2.23, best-case Trade_Score=70.5 vs signal_buy_threshold=60 -- OK, reachable; RRR alone=37.17 vs signal_watch_threshold=40 -- OK, discriminating

=== Ticker-universe holdout validation (102 tickers Optuna never saw) ===
  baseline (DEFAULT_CONFIG, strategy=ma_crossover) on holdout: {'trade_count': 81, 'effective_trade_count': 73.9, 'win_rate': 32.68, 'avg_pnl_pct': 0.1, 'pnl_std': 4.42, 'sharpe_like': 0.022, 'trades_per_year': 173.0, 'annualized_sharpe_like': 0.289, 'k_ratio': 5.059}
  candidate (winning trial) on holdout: {'trade_count': 70, 'effective_trade_count': 67.9, 'win_rate': 23.24, 'avg_pnl_pct': 1.67, 'pnl_std': 8.58, 'sharpe_like': 0.195, 'trades_per_year': 153.1, 'annualized_sharpe_like': 2.413, 'k_ratio': 5.852}
  LIVE (active v71) on holdout: {'trade_count': 36, 'effective_trade_count': 34.6, 'win_rate': 18.41, 'avg_pnl_pct': 0.35, 'pnl_std': 6.61, 'sharpe_like': 0.053, 'trades_per_year': 185.2, 'annualized_sharpe_like': 0.721, 'k_ratio': 3.378}
  Candidate (0.195) beats what's actually live (active v71, 0.053) on holdout -- the decision-relevant comparison, not just vs DEFAULT_CONFIG.

=== Real-vs-random ratio check (single window, same methodology as benchmark_random_entry.py) ===
Isolates whether tuning found genuinely better TIMING or just a payoff-bracket shape that inflates ANY entry's return, real or random -- watch the GAP (REAL sharpe_like minus RANDOM sharpe_like), not the raw REAL number alone.
  BASELINE  (ma_crossover, DEFAULT_CONFIG): REAL sharpe_like=-0.049 vs RANDOM sharpe_like=-0.039  (gap=-0.010000000000000002)
  CANDIDATE (ma_crossover, winning trial):  REAL sharpe_like=0.158 vs RANDOM sharpe_like=0.037  (gap=0.121)
  Candidate's real-vs-random GAP (0.1210) improved on baseline's (-0.0100) -- a real, if modest, sign the tuning found genuine timing value, not just a reshaped payoff bracket.

Wrote candidate System_Config version=73 (status=candidate, NOT active).
Review it, then run: python promote_config.py --promote 73
