HTTP Error 404: {"quoteSummary":{"result":null,"error":{"code":"Not Found","description":"Quote not found for symbol: CWEN.A"}}}
$CWEN.A: possibly delisted; no timezone found

1 Failed download:
['CWEN.A']: possibly delisted; no timezone found
$MOG.A: possibly delisted; no timezone found

1 Failed download:
['MOG.A']: possibly delisted; no timezone found
[I 2026-08-31 23:41:22,181] A new study created in memory with name: no-name-49ba3058-249c-4603-aad3-bafafde933d5
[I 2026-08-31 23:45:26,868] Trial 0 finished with value: 0.048 and parameters: {'stop_loss_atr_multiplier': 1.334044009405148, 'atr_take_profit_multiplier': 4.198581561772134, 'rsi_oversold_threshold': 15.006290614953969, 'extended_decline_penalty_per_day': 1.209330290527359, 'extended_decline_penalty_cap': 7.337794540855652}. Best is trial 0 with value: 0.048.
[I 2026-08-31 23:49:30,440] Trial 1 finished with value: 0.009 and parameters: {'stop_loss_atr_multiplier': 0.6846771895375956, 'atr_take_profit_multiplier': 1.4015509865771343, 'rsi_oversold_threshold': 34.00583998736762, 'extended_decline_penalty_per_day': 1.5870698969226797, 'extended_decline_penalty_cap': 26.940836700167846}. Best is trial 0 with value: 0.048.
[I 2026-08-31 23:53:15,282] Trial 2 finished with value: 0.051 and parameters: {'stop_loss_atr_multiplier': 1.3383890288065896, 'atr_take_profit_multiplier': 4.100175529425773, 'rsi_oversold_threshold': 26.24487373523346, 'extended_decline_penalty_per_day': 3.5124697455637817, 'extended_decline_penalty_cap': 1.3693796598963082}. Best is trial 2 with value: 0.051.
[I 2026-08-31 23:57:08,929] Trial 3 finished with value: 0.126 and parameters: {'stop_loss_atr_multiplier': 1.8409350203568045, 'atr_take_profit_multiplier': 3.8028504046613714, 'rsi_oversold_threshold': 45.727940564516345, 'extended_decline_penalty_per_day': 0.5615477543809351, 'extended_decline_penalty_cap': 9.90507445424394}. Best is trial 3 with value: 0.126.
[I 2026-09-01 00:01:07,587] Trial 4 finished with value: 0.128 and parameters: {'stop_loss_atr_multiplier': 2.1014891373510736, 'atr_take_profit_multiplier': 4.948024604776709, 'rsi_oversold_threshold': 32.23832979875836, 'extended_decline_penalty_per_day': 2.7692904626772563, 'extended_decline_penalty_cap': 43.81945761480191}. Best is trial 4 with value: 0.128.
[I 2026-09-01 00:04:44,887] Trial 5 finished with value: 0.166 and parameters: {'stop_loss_atr_multiplier': 2.289213327007695, 'atr_take_profit_multiplier': 3.7764674327771135, 'rsi_oversold_threshold': 17.14801307780853, 'extended_decline_penalty_per_day': 0.6793216782582756, 'extended_decline_penalty_cap': 43.90712517147065}. Best is trial 5 with value: 0.166.
[I 2026-09-01 00:08:11,412] Trial 6 finished with value: 0.001 and parameters: {'stop_loss_atr_multiplier': 0.6966936676661002, 'atr_take_profit_multiplier': 1.8188291060583937, 'rsi_oversold_threshold': 67.6839241582776, 'extended_decline_penalty_per_day': 2.1326611398920683, 'extended_decline_penalty_cap': 34.593855697523665}. Best is trial 5 with value: 0.166.
[I 2026-09-01 00:12:12,230] Trial 7 finished with value: 0.03 and parameters: {'stop_loss_atr_multiplier': 1.131031262012126, 'atr_take_profit_multiplier': 3.6731396446790736, 'rsi_oversold_threshold': 60.90441195435551, 'extended_decline_penalty_per_day': 0.07315310937676722, 'extended_decline_penalty_cap': 37.507215747248374}. Best is trial 5 with value: 0.166.
[I 2026-09-01 00:15:20,386] Trial 8 finished with value: 0.175 and parameters: {'stop_loss_atr_multiplier': 2.477722177812989, 'atr_take_profit_multiplier': 4.739189141144147, 'rsi_oversold_threshold': 30.424419563542287, 'extended_decline_penalty_per_day': 3.157117313805954, 'extended_decline_penalty_cap': 5.161300328882101}. Best is trial 8 with value: 0.175.
[I 2026-09-01 00:18:28,266] Trial 9 finished with value: 0.051 and parameters: {'stop_loss_atr_multiplier': 1.3957870523518103, 'atr_take_profit_multiplier': 4.747107456760499, 'rsi_oversold_threshold': 31.14877816055237, 'extended_decline_penalty_per_day': 1.151101354345395, 'extended_decline_penalty_cap': 6.501428605913883}. Best is trial 8 with value: 0.175.
[I 2026-09-01 00:21:29,605] Trial 10 finished with value: 0.144 and parameters: {'stop_loss_atr_multiplier': 2.4809022605349234, 'atr_take_profit_multiplier': 4.605375847384772, 'rsi_oversold_threshold': 45.72373847357581, 'extended_decline_penalty_per_day': 3.9506247271389943, 'extended_decline_penalty_cap': 19.10428765523883}. Best is trial 8 with value: 0.175.
[I 2026-09-01 00:24:32,948] Trial 11 finished with value: 0.176 and parameters: {'stop_loss_atr_multiplier': 2.476429126823683, 'atr_take_profit_multiplier': 4.480729114794608, 'rsi_oversold_threshold': 16.390526754360067, 'extended_decline_penalty_per_day': 2.772819104801359, 'extended_decline_penalty_cap': 48.597069711676745}. Best is trial 11 with value: 0.176.
[I 2026-09-01 00:27:39,886] Trial 12 finished with value: 0.122 and parameters: {'stop_loss_atr_multiplier': 2.0214097013631434, 'atr_take_profit_multiplier': 4.435455742693502, 'rsi_oversold_threshold': 23.00497925781579, 'extended_decline_penalty_per_day': 3.0056523730529854, 'extended_decline_penalty_cap': 19.521112222461618}. Best is trial 11 with value: 0.176.
[I 2026-09-01 00:30:42,560] Trial 13 finished with value: 0.178 and parameters: {'stop_loss_atr_multiplier': 2.4772280928322847, 'atr_take_profit_multiplier': 4.669819121584409, 'rsi_oversold_threshold': 38.38004223070605, 'extended_decline_penalty_per_day': 2.5555455398455704, 'extended_decline_penalty_cap': 19.28035099447041}. Best is trial 13 with value: 0.178.
[I 2026-09-01 00:33:45,913] Trial 14 finished with value: 0.115 and parameters: {'stop_loss_atr_multiplier': 1.825469854685053, 'atr_take_profit_multiplier': 4.329969357350809, 'rsi_oversold_threshold': 44.46395396988675, 'extended_decline_penalty_per_day': 2.3249680471636722, 'extended_decline_penalty_cap': 28.84432768311484}. Best is trial 13 with value: 0.178.
[I 2026-09-01 00:36:48,413] Trial 15 finished with value: 0.083 and parameters: {'stop_loss_atr_multiplier': 2.2183519944946255, 'atr_take_profit_multiplier': 4.515852225063174, 'rsi_oversold_threshold': 52.92350835295339, 'extended_decline_penalty_per_day': 2.2955518378317734, 'extended_decline_penalty_cap': 48.59847835567448}. Best is trial 13 with value: 0.178.
[I 2026-09-01 00:39:54,398] Trial 16 finished with value: 0.086 and parameters: {'stop_loss_atr_multiplier': 1.7564227348367236, 'atr_take_profit_multiplier': 4.982259996231284, 'rsi_oversold_threshold': 40.04614036320727, 'extended_decline_penalty_per_day': 2.6185176849564065, 'extended_decline_penalty_cap': 15.784923946718022}. Best is trial 13 with value: 0.178.
[I 2026-09-01 00:42:58,078] Trial 17 finished with value: 0.086 and parameters: {'stop_loss_atr_multiplier': 2.3522142471091314, 'atr_take_profit_multiplier': 4.761654270282936, 'rsi_oversold_threshold': 54.42255721929218, 'extended_decline_penalty_per_day': 1.8062495935341554, 'extended_decline_penalty_cap': 26.56679927570245}. Best is trial 13 with value: 0.178.
[I 2026-09-01 00:46:00,458] Trial 18 finished with value: 0.152 and parameters: {'stop_loss_atr_multiplier': 2.085482318245379, 'atr_take_profit_multiplier': 4.079118228197853, 'rsi_oversold_threshold': 21.913560836922635, 'extended_decline_penalty_per_day': 3.490422267140706, 'extended_decline_penalty_cap': 34.55271838204409}. Best is trial 13 with value: 0.178.
[I 2026-09-01 00:49:04,981] Trial 19 finished with value: 0.178 and parameters: {'stop_loss_atr_multiplier': 2.4990893791949245, 'atr_take_profit_multiplier': 4.629526553158526, 'rsi_oversold_threshold': 36.9872547126109, 'extended_decline_penalty_per_day': 1.890234840936957, 'extended_decline_penalty_cap': 13.490499862136398}. Best is trial 13 with value: 0.178.
Fetching history for 1002 ticker(s) + SPY, 2025-08-31..2026-08-31 (once, reused across all 20 trials)...
Fetching 3 sector ETF(s) for Sector_Relative_Strength...
Fetched 1000/1002 ticker(s).
Generated 6 walk-forward fold(s).
Ticker holdout split (seed=42, frac=0.25): 750 tune / 250 holdout. Holdout tickers never seen during tuning: ['AAL', 'AAP', 'AAT', 'ACM', 'ACMR', 'ACT', 'ADC', 'ADNT', 'ADUS', 'AEO', 'AESI', 'AGO', 'AGX', 'AIN', 'ALRM', 'ALSN', 'AMG', 'AMN', 'AMTM', 'AORT', 'ARMK', 'ARW', 'ASTH', 'ATMU', 'AVAV', 'BDC', 'BHF', 'BIO', 'BLKB', 'BRC', 'BROS', 'BWA', 'BYD', 'CACC', 'CACI', 'CAG', 'CART', 'CENT', 'CENTA', 'CFFN', 'CFR', 'CHEF', 'CHH', 'CLF', 'CLH', 'CMC', 'CNK', 'CNMD', 'CNS', 'CNXC', 'COCO', 'COTY', 'CPB', 'CROX', 'CTRE', 'CUBE', 'CWEN', 'CXW', 'DAR', 'DCI', 'DGII', 'DIOD', 'DORM', 'EAT', 'EBC', 'EFOR', 'EGP', 'EHC', 'ENS', 'ENSG', 'ENVA', 'EPAC', 'ESAB', 'ESNT', 'EXLS', 'EXPO', 'FBP', 'FCF', 'FCFS', 'FELE', 'FFBC', 'FG', 'FIVN', 'FN', 'FNB', 'FORM', 'FOUR', 'FTI', 'FTRE', 'FUN', 'GHC', 'GNL', 'GNTX', 'GPK', 'GTM', 'GTY', 'GXO', 'H', 'HALO', 'HCI', 'HE', 'HIMS', 'HNI', 'HOG', 'HOMB', 'HR', 'HRMY', 'HTH', 'HTLD', 'HUBG', 'IART', 'IBOC', 'INGR', 'INVA', 'IRDM', 'JAZZ', 'JBLU', 'JEF', 'KALU', 'KBR', 'KEX', 'KFY', 'KNSL', 'KNX', 'KRC', 'KSS', 'KTB', 'KWR', 'LEU', 'LGIH', 'LGND', 'LQDA', 'LRN', 'LTC', 'LTH', 'LXP', 'LZB', 'MAC', 'MAN', 'MBGL', 'MIDD', 'MKTX', 'MLI', 'MMS', 'MRP', 'MTDR', 'MTSI', 'MTZ', 'MWA', 'NBHC', 'NEU', 'NHI', 'NOG', 'NPK', 'NPO', 'NSP', 'NWBI', 'NWE', 'NWN', 'NXRT', 'NXST', 'NXT', 'NYT', 'OGE', 'OGS', 'OHI', 'ORA', 'OSK', 'OSW', 'PAG', 'PATH', 'PBH', 'PCRX', 'PEB', 'PFBC', 'PFGC', 'PFS', 'PGNY', 'PHIN', 'PMT', 'PPC', 'PRDO', 'PRK', 'PRKS', 'PRSU', 'PTON', 'PVH', 'QLYS', 'QRVO', 'QTWO', 'RAMP', 'RCUS', 'RELY', 'RGA', 'RH', 'RHI', 'RHP', 'RMBS', 'ROCK', 'ROIV', 'RRR', 'RUN', 'RYN', 'SAFE', 'SAFT', 'SAH', 'SBRA', 'SEDG', 'SEZL', 'SHEN', 'SIG', 'SIRI', 'SKT', 'SKYW', 'SLGN', 'SMG', 'SMTC', 'SNDR', 'SNEX', 'SONO', 'STC', 'STEP', 'STRL', 'STWD', 'SWX', 'SYNA', 'TBBK', 'TDW', 'THRM', 'TNDM', 'TPC', 'TREX', 'TRMK', 'TTEK', 'UFCS', 'UGI', 'UPBD', 'UTL', 'UVV', 'VFC', 'VGNT', 'VNT', 'VRTS', 'VTOL', 'WDFC', 'WING', 'WLK', 'WTFC', 'XHR', 'XPO']
Using up to 8 CPU core(s) for walk-forward parallelization (--max-workers to change; 12 available).

Baseline (DEFAULT_CONFIG, strategy=rsi) pooled out-of-sample metrics on TUNE tickers (recency-weighted, half-life=180d): {'trade_count': 2942, 'effective_trade_count': 2804.3, 'win_rate': 31.28, 'avg_pnl_pct': 0.09, 'pnl_std': 6.97, 'sharpe_like': 0.012, 'trades_per_year': 6071.0, 'annualized_sharpe_like': 0.935, 'k_ratio': 7.011}
Live Trade_Outcomes so far (every signal, all tiers): 843 -- pooled metrics: {'trade_count': 843, 'open_count': 0, 'win_count': 235, 'loss_count': 606, 'expired_count': 2, 'win_rate': 27.88, 'avg_pnl_pct': 0.69, 'total_pnl_pct': 582.11, 'pnl_std': 7.37, 'sharpe_like': 0.094, 'trades_per_year': None, 'annualized_sharpe_like': None, 'k_ratio': None}
  Actionable tier (Strong Buy/Buy) only: 495 -- pooled metrics: {'trade_count': 495, 'open_count': 0, 'win_count': 155, 'loss_count': 338, 'expired_count': 2, 'win_rate': 31.31, 'avg_pnl_pct': 1.9, 'total_pnl_pct': 940.77, 'pnl_std': 8.42, 'sharpe_like': 0.226, 'trades_per_year': None, 'annualized_sharpe_like': None, 'k_ratio': None}
    ...of which CONFIRMED real fills: 2 -- pooled metrics: {'trade_count': 2, 'open_count': 0, 'win_count': 0, 'loss_count': 2, 'expired_count': 0, 'win_rate': 0.0, 'avg_pnl_pct': -5.03, 'total_pnl_pct': -10.06, 'pnl_std': 0.2, 'sharpe_like': -25.405, 'trades_per_year': None, 'annualized_sharpe_like': None, 'k_ratio': None}
  Research tier (Watch, never traded/tradeable) only: 277 -- pooled metrics: {'trade_count': 277, 'open_count': 0, 'win_count': 49, 'loss_count': 228, 'expired_count': 0, 'win_rate': 17.69, 'avg_pnl_pct': -1.5, 'total_pnl_pct': -415.4, 'pnl_std': 4.75, 'sharpe_like': -0.316, 'trades_per_year': None, 'annualized_sharpe_like': None, 'k_ratio': None}
  Research_loosened tier (active config scored Ignore, loosened config didn't, never traded/tradeable) only: 71 -- pooled metrics: {'trade_count': 71, 'open_count': 0, 'win_count': 31, 'loss_count': 40, 'expired_count': 0, 'win_rate': 43.66, 'avg_pnl_pct': 0.8, 'total_pnl_pct': 56.74, 'pnl_std': 5.81, 'sharpe_like': 0.137, 'trades_per_year': None, 'annualized_sharpe_like': None, 'k_ratio': None}. Reflects the loosened config, NOT the active one -- a sanity check on whether loosening is worth considering, not a report card on v19 itself.

Best trial #13: score(sharpe_like or penalty)=0.1780  (annualized_sharpe~13.178, win_rate=8.8%)
  params: {'stop_loss_atr_multiplier': 2.4772280928322847, 'atr_take_profit_multiplier': 4.669819121584409, 'rsi_oversold_threshold': 38.38004223070605, 'extended_decline_penalty_per_day': 2.5555455398455704, 'extended_decline_penalty_cap': 19.28035099447041}
  metrics (TUNE tickers): {'trade_count': 2656, 'effective_trade_count': 2545.6, 'win_rate': 8.77, 'avg_pnl_pct': 1.91, 'pnl_std': 10.75, 'sharpe_like': 0.178, 'trades_per_year': 5480.8, 'annualized_sharpe_like': 13.178, 'k_ratio': 17.608}

=== Deflated Sharpe Ratio (selection-bias correction, 20 scored trial(s) this search, sharpe_std=0.0586) ===
  Search-level DSR: 100.0% confidence this beats what 20 trials would produce by chance alone (zero real skill).
  Project-wide DSR: 97.0% confidence using 71 (every candidate System_Config ever written across this whole project) as N -- a much more conservative, whole-project view, reusing this search's own sharpe_std as the best available proxy (not a rigorous full-history recomputation -- no per-trial Sharpe is stored from past searches).
  Caveat: assumes independent trials -- Optuna's TPE sampler deliberately exploits promising regions, so real trials are somewhat correlated, making this a real but imperfect approximation. Also assumes normal returns (skewness=0, kurtosis=3) -- the true correction would need the winning trial's raw per-trade return distribution, not just its summarized metrics.

=== RRR-vs-scoring-ceiling check (can this config's Buy tier ever fire -- or fire too easily?) ===
  BASELINE  (DEFAULT_CONFIG): RRR=2.0, best-case Trade_Score=80.0 vs signal_buy_threshold=60 -- OK, reachable; RRR alone=20.0 vs signal_watch_threshold=40 -- OK, discriminating
  CANDIDATE (winning trial):  RRR=1.89, best-case Trade_Score=78.9 vs signal_buy_threshold=60 -- OK, reachable; RRR alone=18.9 vs signal_watch_threshold=40 -- OK, discriminating

=== Ticker-universe holdout validation (250 tickers Optuna never saw) ===
  baseline (DEFAULT_CONFIG, strategy=rsi) on holdout: {'trade_count': 941, 'effective_trade_count': 898.1, 'win_rate': 28.69, 'avg_pnl_pct': -0.31, 'pnl_std': 6.48, 'sharpe_like': -0.047, 'trades_per_year': 1941.8, 'annualized_sharpe_like': -2.071, 'k_ratio': 1.086}
  candidate (winning trial) on holdout: {'trade_count': 832, 'effective_trade_count': 797.4, 'win_rate': 6.27, 'avg_pnl_pct': 1.21, 'pnl_std': 10.02, 'sharpe_like': 0.121, 'trades_per_year': 1736.5, 'annualized_sharpe_like': 5.042, 'k_ratio': 10.965}
  LIVE (RSI Mean-Reversion v66 (secondary)) on holdout: {'trade_count': 436, 'effective_trade_count': 416.0, 'win_rate': 12.84, 'avg_pnl_pct': 2.11, 'pnl_std': 9.5, 'sharpe_like': 0.223, 'trades_per_year': 995.3, 'annualized_sharpe_like': 7.035, 'k_ratio': 7.323}
  [WARN] Candidate (0.121) does NOT beat what's actually live (RSI Mean-Reversion v66 (secondary), 0.223) on holdout, even if it beat DEFAULT_CONFIG above. Beating an arbitrary default is not a promotion case on its own.

=== Real-vs-random ratio check (single window, same methodology as benchmark_random_entry.py) ===
Isolates whether tuning found genuinely better TIMING or just a payoff-bracket shape that inflates ANY entry's return, real or random -- watch the GAP (REAL sharpe_like minus RANDOM sharpe_like), not the raw REAL number alone.
  BASELINE  (rsi, DEFAULT_CONFIG): REAL sharpe_like=0.051 vs RANDOM sharpe_like=0.008  (gap=0.043)
  CANDIDATE (rsi, winning trial):  REAL sharpe_like=0.145 vs RANDOM sharpe_like=-0.02  (gap=0.16499999999999998)
  Candidate's real-vs-random GAP (0.1650) improved on baseline's (0.0430) -- a real, if modest, sign the tuning found genuine timing value, not just a reshaped payoff bracket.

Wrote candidate System_Config version=72 (status=candidate, NOT active).
Review it, then run: python promote_config.py --promote 72
